The system is: Linux - 5.16.19-051619-generic - x86_64
Compiling the C compiler identification source file "CMakeCCompilerId.c" succeeded.
Compiler: /usr/bin/cc 
Build flags: 
Id flags:  

The output was:
0


Compilation of the C compiler identification source "CMakeCCompilerId.c" produced "a.out"

The C compiler identification is GNU, found in "/workspace/firstRust/time_till_grandad_2/target/x86_64-apple-darwin/release/build/fltk-sys-614d21029615fdbd/out/build/CMakeFiles/3.22.3/CompilerIdC/a.out"

Compiling the CXX compiler identification source file "CMakeCXXCompilerId.cpp" succeeded.
Compiler: /usr/bin/c++ 
Build flags: 
Id flags:  

The output was:
0


Compilation of the CXX compiler identification source "CMakeCXXCompilerId.cpp" produced "a.out"

The CXX compiler identification is GNU, found in "/workspace/firstRust/time_till_grandad_2/target/x86_64-apple-darwin/release/build/fltk-sys-614d21029615fdbd/out/build/CMakeFiles/3.22.3/CompilerIdCXX/a.out"

Compiling the C compiler identification source file "CMakeCCompilerId.c" succeeded.
Compiler: /usr/bin/cc 
Build flags: 
Id flags:  

The output was:
0


Compilation of the C compiler identification source "CMakeCCompilerId.c" produced "a.out"

The C compiler identification is GNU, found in "/workspace/firstRust/time_till_grandad_2/target/x86_64-apple-darwin/release/build/fltk-sys-614d21029615fdbd/out/build/CMakeFiles/3.22.3/CompilerIdC/a.out"

Compiling the CXX compiler identification source file "CMakeCXXCompilerId.cpp" succeeded.
Compiler: /usr/bin/c++ 
Build flags: 
Id flags:  

The output was:
0


Compilation of the CXX compiler identification source "CMakeCXXCompilerId.cpp" produced "a.out"

The CXX compiler identification is GNU, found in "/workspace/firstRust/time_till_grandad_2/target/x86_64-apple-darwin/release/build/fltk-sys-614d21029615fdbd/out/build/CMakeFiles/3.22.3/CompilerIdCXX/a.out"

