Compiling the C compiler identification source file "CMakeCCompilerId.c" failed.
Compiler: /usr/bin/cc 
Build flags: ;-ffunction-sections;-fdata-sections;-fPIC;-m64;-arch;x86_64
Id flags:  

The output was:
1
cc: error: x86_64: No such file or directory
cc: error: unrecognized command line option ‘-arch’


Compiling the C compiler identification source file "CMakeCCompilerId.c" failed.
Compiler: /usr/bin/cc 
Build flags: ;-ffunction-sections;-fdata-sections;-fPIC;-m64;-arch;x86_64
Id flags: -c 

The output was:
1
cc: error: x86_64: No such file or directory
cc: error: unrecognized command line option ‘-arch’


Compiling the C compiler identification source file "CMakeCCompilerId.c" failed.
Compiler: /usr/bin/cc 
Build flags: ;-ffunction-sections;-fdata-sections;-fPIC;-m64;-arch;x86_64
Id flags: -Aa 

The output was:
1
cc: error: x86_64: No such file or directory
cc: error: unrecognized command line option ‘-arch’


Compiling the C compiler identification source file "CMakeCCompilerId.c" failed.
Compiler: /usr/bin/cc 
Build flags: ;-ffunction-sections;-fdata-sections;-fPIC;-m64;-arch;x86_64
Id flags: -D__CLASSIC_C__ 

The output was:
1
cc: error: x86_64: No such file or directory
cc: error: unrecognized command line option ‘-arch’


Compiling the C compiler identification source file "CMakeCCompilerId.c" failed.
Compiler: /usr/bin/cc 
Build flags: ;-ffunction-sections;-fdata-sections;-fPIC;-m64;-arch;x86_64
Id flags: --target=arm-arm-none-eabi;-mcpu=cortex-m3 

The output was:
1
cc: error: x86_64: No such file or directory
cc: warning: ‘-mcpu=’ is deprecated; use ‘-mtune=’ or ‘-march=’ instead
cc: error: unrecognized command line option ‘-arch’
cc: error: unrecognized command line option ‘--target=arm-arm-none-eabi’


Compiling the C compiler identification source file "CMakeCCompilerId.c" failed.
Compiler: /usr/bin/cc 
Build flags: ;-ffunction-sections;-fdata-sections;-fPIC;-m64;-arch;x86_64
Id flags: -c;-I__does_not_exist__ 

The output was:
1
cc: error: x86_64: No such file or directory
cc: error: unrecognized command line option ‘-arch’


Compiling the CXX compiler identification source file "CMakeCXXCompilerId.cpp" failed.
Compiler: /usr/bin/c++ 
Build flags: ;-ffunction-sections;-fdata-sections;-fPIC;-m64;-arch;x86_64
Id flags:  

The output was:
1
c++: error: x86_64: No such file or directory
c++: error: unrecognized command line option ‘-arch’


Compiling the CXX compiler identification source file "CMakeCXXCompilerId.cpp" failed.
Compiler: /usr/bin/c++ 
Build flags: ;-ffunction-sections;-fdata-sections;-fPIC;-m64;-arch;x86_64
Id flags: -c 

The output was:
1
c++: error: x86_64: No such file or directory
c++: error: unrecognized command line option ‘-arch’


Compiling the CXX compiler identification source file "CMakeCXXCompilerId.cpp" failed.
Compiler: /usr/bin/c++ 
Build flags: ;-ffunction-sections;-fdata-sections;-fPIC;-m64;-arch;x86_64
Id flags: --c++ 

The output was:
1
c++: error: x86_64: No such file or directory
c++: error: unrecognized command line option ‘-arch’
c++: error: unrecognized command line option ‘--c++’


Compiling the CXX compiler identification source file "CMakeCXXCompilerId.cpp" failed.
Compiler: /usr/bin/c++ 
Build flags: ;-ffunction-sections;-fdata-sections;-fPIC;-m64;-arch;x86_64
Id flags: --ec++ 

The output was:
1
c++: error: x86_64: No such file or directory
c++: error: unrecognized command line option ‘-arch’
c++: error: unrecognized command line option ‘--ec++’; did you mean ‘-Weffc++’?


Compiling the CXX compiler identification source file "CMakeCXXCompilerId.cpp" failed.
Compiler: /usr/bin/c++ 
Build flags: ;-ffunction-sections;-fdata-sections;-fPIC;-m64;-arch;x86_64
Id flags: --target=arm-arm-none-eabi;-mcpu=cortex-m3 

The output was:
1
c++: error: x86_64: No such file or directory
c++: warning: ‘-mcpu=’ is deprecated; use ‘-mtune=’ or ‘-march=’ instead
c++: error: unrecognized command line option ‘-arch’
c++: error: unrecognized command line option ‘--target=arm-arm-none-eabi’


Compiling the CXX compiler identification source file "CMakeCXXCompilerId.cpp" failed.
Compiler: /usr/bin/c++ 
Build flags: ;-ffunction-sections;-fdata-sections;-fPIC;-m64;-arch;x86_64
Id flags: -c;-I__does_not_exist__ 

The output was:
1
c++: error: x86_64: No such file or directory
c++: error: unrecognized command line option ‘-arch’


Detecting C compiler ABI info failed to compile with the following output:
Change Dir: /workspace/firstRust/time_till_grandad_2/target/x86_64-apple-darwin/release/build/fltk-sys-614d21029615fdbd/out/build/CMakeFiles/CMakeTmp

Run Build Command(s):/usr/bin/make -f Makefile cmTC_9289c/fast && /usr/bin/make  -f CMakeFiles/cmTC_9289c.dir/build.make CMakeFiles/cmTC_9289c.dir/build
make[1]: Entering directory '/workspace/firstRust/time_till_grandad_2/target/x86_64-apple-darwin/release/build/fltk-sys-614d21029615fdbd/out/build/CMakeFiles/CMakeTmp'
Building C object CMakeFiles/cmTC_9289c.dir/CMakeCCompilerABI.c.o
/usr/bin/cc   -ffunction-sections -fdata-sections -fPIC -m64 -arch x86_64    -v -o CMakeFiles/cmTC_9289c.dir/CMakeCCompilerABI.c.o -c /home/linuxbrew/.linuxbrew/Cellar/cmake/3.22.3/share/cmake/Modules/CMakeCCompilerABI.c
cc: error: x86_64: No such file or directory
Using built-in specs.
COLLECT_GCC=/usr/bin/cc
OFFLOAD_TARGET_NAMES=nvptx-none:hsa
OFFLOAD_TARGET_DEFAULT=1
cc: error: unrecognized command line option '-arch'
Target: x86_64-linux-gnu
Configured with: ../src/configure -v --with-pkgversion='Ubuntu 9.3.0-17ubuntu1~20.04' --with-bugurl=file:///usr/share/doc/gcc-9/README.Bugs --enable-languages=c,ada,c++,go,brig,d,fortran,objc,obj-c++,gm2 --prefix=/usr --with-gcc-major-version-only --program-suffix=-9 --program-prefix=x86_64-linux-gnu- --enable-shared --enable-linker-build-id --libexecdir=/usr/lib --without-included-gettext --enable-threads=posix --libdir=/usr/lib --enable-nls --enable-clocale=gnu --enable-libstdcxx-debug --enable-libstdcxx-time=yes --with-default-libstdcxx-abi=new --enable-gnu-unique-object --disable-vtable-verify --enable-plugin --enable-default-pie --with-system-zlib --with-target-system-zlib=auto --enable-objc-gc=auto --enable-multiarch --disable-werror --with-arch-32=i686 --with-abi=m64 --with-multilib-list=m32,m64,mx32 --enable-multilib --with-tune=generic --enable-offload-targets=nvptx-none=/build/gcc-9-HskZEa/gcc-9-9.3.0/debian/tmp-nvptx/usr,hsa --without-cuda-driver --enable-checking=release --build=x86_64-linux-gnu --host=x86_64-linux-gnu --target=x86_64-linux-gnu
Thread model: posix
gcc version 9.3.0 (Ubuntu 9.3.0-17ubuntu1~20.04) 
make[1]: *** [CMakeFiles/cmTC_9289c.dir/build.make:78: CMakeFiles/cmTC_9289c.dir/CMakeCCompilerABI.c.o] Error 1
make[1]: Leaving directory '/workspace/firstRust/time_till_grandad_2/target/x86_64-apple-darwin/release/build/fltk-sys-614d21029615fdbd/out/build/CMakeFiles/CMakeTmp'
make: *** [Makefile:127: cmTC_9289c/fast] Error 2




Determining if the C compiler works failed with the following output:
Change Dir: /workspace/firstRust/time_till_grandad_2/target/x86_64-apple-darwin/release/build/fltk-sys-614d21029615fdbd/out/build/CMakeFiles/CMakeTmp

Run Build Command(s):/usr/bin/make -f Makefile cmTC_7e471/fast && /usr/bin/make  -f CMakeFiles/cmTC_7e471.dir/build.make CMakeFiles/cmTC_7e471.dir/build
make[1]: Entering directory '/workspace/firstRust/time_till_grandad_2/target/x86_64-apple-darwin/release/build/fltk-sys-614d21029615fdbd/out/build/CMakeFiles/CMakeTmp'
Building C object CMakeFiles/cmTC_7e471.dir/testCCompiler.c.o
/usr/bin/cc   -ffunction-sections -fdata-sections -fPIC -m64 -arch x86_64  -o CMakeFiles/cmTC_7e471.dir/testCCompiler.c.o -c /workspace/firstRust/time_till_grandad_2/target/x86_64-apple-darwin/release/build/fltk-sys-614d21029615fdbd/out/build/CMakeFiles/CMakeTmp/testCCompiler.c
cc: error: x86_64: No such file or directory
cc: error: unrecognized command line option ‘-arch’
make[1]: *** [CMakeFiles/cmTC_7e471.dir/build.make:78: CMakeFiles/cmTC_7e471.dir/testCCompiler.c.o] Error 1
make[1]: Leaving directory '/workspace/firstRust/time_till_grandad_2/target/x86_64-apple-darwin/release/build/fltk-sys-614d21029615fdbd/out/build/CMakeFiles/CMakeTmp'
make: *** [Makefile:127: cmTC_7e471/fast] Error 2



Compiling the C compiler identification source file "CMakeCCompilerId.c" failed.
Compiler: /usr/bin/cc 
Build flags: ;-ffunction-sections;-fdata-sections;-fPIC;-m64;-arch;x86_64
Id flags:  

The output was:
1
cc: error: x86_64: No such file or directory
cc: error: unrecognized command line option ‘-arch’


Compiling the C compiler identification source file "CMakeCCompilerId.c" failed.
Compiler: /usr/bin/cc 
Build flags: ;-ffunction-sections;-fdata-sections;-fPIC;-m64;-arch;x86_64
Id flags: -c 

The output was:
1
cc: error: x86_64: No such file or directory
cc: error: unrecognized command line option ‘-arch’


Compiling the C compiler identification source file "CMakeCCompilerId.c" failed.
Compiler: /usr/bin/cc 
Build flags: ;-ffunction-sections;-fdata-sections;-fPIC;-m64;-arch;x86_64
Id flags: -Aa 

The output was:
1
cc: error: x86_64: No such file or directory
cc: error: unrecognized command line option ‘-arch’


Compiling the C compiler identification source file "CMakeCCompilerId.c" failed.
Compiler: /usr/bin/cc 
Build flags: ;-ffunction-sections;-fdata-sections;-fPIC;-m64;-arch;x86_64
Id flags: -D__CLASSIC_C__ 

The output was:
1
cc: error: x86_64: No such file or directory
cc: error: unrecognized command line option ‘-arch’


Compiling the C compiler identification source file "CMakeCCompilerId.c" failed.
Compiler: /usr/bin/cc 
Build flags: ;-ffunction-sections;-fdata-sections;-fPIC;-m64;-arch;x86_64
Id flags: --target=arm-arm-none-eabi;-mcpu=cortex-m3 

The output was:
1
cc: error: x86_64: No such file or directory
cc: warning: ‘-mcpu=’ is deprecated; use ‘-mtune=’ or ‘-march=’ instead
cc: error: unrecognized command line option ‘-arch’
cc: error: unrecognized command line option ‘--target=arm-arm-none-eabi’


Compiling the C compiler identification source file "CMakeCCompilerId.c" failed.
Compiler: /usr/bin/cc 
Build flags: ;-ffunction-sections;-fdata-sections;-fPIC;-m64;-arch;x86_64
Id flags: -c;-I__does_not_exist__ 

The output was:
1
cc: error: x86_64: No such file or directory
cc: error: unrecognized command line option ‘-arch’


Compiling the CXX compiler identification source file "CMakeCXXCompilerId.cpp" failed.
Compiler: /usr/bin/c++ 
Build flags: ;-ffunction-sections;-fdata-sections;-fPIC;-m64;-arch;x86_64
Id flags:  

The output was:
1
c++: error: x86_64: No such file or directory
c++: error: unrecognized command line option ‘-arch’


Compiling the CXX compiler identification source file "CMakeCXXCompilerId.cpp" failed.
Compiler: /usr/bin/c++ 
Build flags: ;-ffunction-sections;-fdata-sections;-fPIC;-m64;-arch;x86_64
Id flags: -c 

The output was:
1
c++: error: x86_64: No such file or directory
c++: error: unrecognized command line option ‘-arch’


Compiling the CXX compiler identification source file "CMakeCXXCompilerId.cpp" failed.
Compiler: /usr/bin/c++ 
Build flags: ;-ffunction-sections;-fdata-sections;-fPIC;-m64;-arch;x86_64
Id flags: --c++ 

The output was:
1
c++: error: x86_64: No such file or directory
c++: error: unrecognized command line option ‘-arch’
c++: error: unrecognized command line option ‘--c++’


Compiling the CXX compiler identification source file "CMakeCXXCompilerId.cpp" failed.
Compiler: /usr/bin/c++ 
Build flags: ;-ffunction-sections;-fdata-sections;-fPIC;-m64;-arch;x86_64
Id flags: --ec++ 

The output was:
1
c++: error: x86_64: No such file or directory
c++: error: unrecognized command line option ‘-arch’
c++: error: unrecognized command line option ‘--ec++’; did you mean ‘-Weffc++’?


Compiling the CXX compiler identification source file "CMakeCXXCompilerId.cpp" failed.
Compiler: /usr/bin/c++ 
Build flags: ;-ffunction-sections;-fdata-sections;-fPIC;-m64;-arch;x86_64
Id flags: --target=arm-arm-none-eabi;-mcpu=cortex-m3 

The output was:
1
c++: error: x86_64: No such file or directory
c++: warning: ‘-mcpu=’ is deprecated; use ‘-mtune=’ or ‘-march=’ instead
c++: error: unrecognized command line option ‘-arch’
c++: error: unrecognized command line option ‘--target=arm-arm-none-eabi’


Compiling the CXX compiler identification source file "CMakeCXXCompilerId.cpp" failed.
Compiler: /usr/bin/c++ 
Build flags: ;-ffunction-sections;-fdata-sections;-fPIC;-m64;-arch;x86_64
Id flags: -c;-I__does_not_exist__ 

The output was:
1
c++: error: x86_64: No such file or directory
c++: error: unrecognized command line option ‘-arch’


Detecting C compiler ABI info failed to compile with the following output:
Change Dir: /workspace/firstRust/time_till_grandad_2/target/x86_64-apple-darwin/release/build/fltk-sys-614d21029615fdbd/out/build/CMakeFiles/CMakeTmp

Run Build Command(s):/usr/bin/make -f Makefile cmTC_21e69/fast && /usr/bin/make  -f CMakeFiles/cmTC_21e69.dir/build.make CMakeFiles/cmTC_21e69.dir/build
make[1]: Entering directory '/workspace/firstRust/time_till_grandad_2/target/x86_64-apple-darwin/release/build/fltk-sys-614d21029615fdbd/out/build/CMakeFiles/CMakeTmp'
Building C object CMakeFiles/cmTC_21e69.dir/CMakeCCompilerABI.c.o
/usr/bin/cc   -ffunction-sections -fdata-sections -fPIC -m64 -arch x86_64    -v -o CMakeFiles/cmTC_21e69.dir/CMakeCCompilerABI.c.o -c /home/linuxbrew/.linuxbrew/Cellar/cmake/3.22.3/share/cmake/Modules/CMakeCCompilerABI.c
cc: error: x86_64: No such file or directory
Using built-in specs.
COLLECT_GCC=/usr/bin/cc
OFFLOAD_TARGET_NAMES=nvptx-none:hsa
OFFLOAD_TARGET_DEFAULT=1
cc: error: unrecognized command line option '-arch'
Target: x86_64-linux-gnu
Configured with: ../src/configure -v --with-pkgversion='Ubuntu 9.4.0-1ubuntu1~20.04.1' --with-bugurl=file:///usr/share/doc/gcc-9/README.Bugs --enable-languages=c,ada,c++,go,brig,d,fortran,objc,obj-c++,gm2 --prefix=/usr --with-gcc-major-version-only --program-suffix=-9 --program-prefix=x86_64-linux-gnu- --enable-shared --enable-linker-build-id --libexecdir=/usr/lib --without-included-gettext --enable-threads=posix --libdir=/usr/lib --enable-nls --enable-clocale=gnu --enable-libstdcxx-debug --enable-libstdcxx-time=yes --with-default-libstdcxx-abi=new --enable-gnu-unique-object --disable-vtable-verify --enable-plugin --enable-default-pie --with-system-zlib --with-target-system-zlib=auto --enable-objc-gc=auto --enable-multiarch --disable-werror --with-arch-32=i686 --with-abi=m64 --with-multilib-list=m32,m64,mx32 --enable-multilib --with-tune=generic --enable-offload-targets=nvptx-none=/build/gcc-9-Av3uEd/gcc-9-9.4.0/debian/tmp-nvptx/usr,hsa --without-cuda-driver --enable-checking=release --build=x86_64-linux-gnu --host=x86_64-linux-gnu --target=x86_64-linux-gnu
Thread model: posix
gcc version 9.4.0 (Ubuntu 9.4.0-1ubuntu1~20.04.1) 
make[1]: *** [CMakeFiles/cmTC_21e69.dir/build.make:78: CMakeFiles/cmTC_21e69.dir/CMakeCCompilerABI.c.o] Error 1
make[1]: Leaving directory '/workspace/firstRust/time_till_grandad_2/target/x86_64-apple-darwin/release/build/fltk-sys-614d21029615fdbd/out/build/CMakeFiles/CMakeTmp'
make: *** [Makefile:127: cmTC_21e69/fast] Error 2




Determining if the C compiler works failed with the following output:
Change Dir: /workspace/firstRust/time_till_grandad_2/target/x86_64-apple-darwin/release/build/fltk-sys-614d21029615fdbd/out/build/CMakeFiles/CMakeTmp

Run Build Command(s):/usr/bin/make -f Makefile cmTC_244d1/fast && /usr/bin/make  -f CMakeFiles/cmTC_244d1.dir/build.make CMakeFiles/cmTC_244d1.dir/build
make[1]: Entering directory '/workspace/firstRust/time_till_grandad_2/target/x86_64-apple-darwin/release/build/fltk-sys-614d21029615fdbd/out/build/CMakeFiles/CMakeTmp'
Building C object CMakeFiles/cmTC_244d1.dir/testCCompiler.c.o
/usr/bin/cc   -ffunction-sections -fdata-sections -fPIC -m64 -arch x86_64  -o CMakeFiles/cmTC_244d1.dir/testCCompiler.c.o -c /workspace/firstRust/time_till_grandad_2/target/x86_64-apple-darwin/release/build/fltk-sys-614d21029615fdbd/out/build/CMakeFiles/CMakeTmp/testCCompiler.c
cc: error: x86_64: No such file or directory
cc: error: unrecognized command line option ‘-arch’
make[1]: *** [CMakeFiles/cmTC_244d1.dir/build.make:78: CMakeFiles/cmTC_244d1.dir/testCCompiler.c.o] Error 1
make[1]: Leaving directory '/workspace/firstRust/time_till_grandad_2/target/x86_64-apple-darwin/release/build/fltk-sys-614d21029615fdbd/out/build/CMakeFiles/CMakeTmp'
make: *** [Makefile:127: cmTC_244d1/fast] Error 2



