The system is: Linux - 5.16.19-051619-generic - x86_64
Compiling the C compiler identification source file "CMakeCCompilerId.c" succeeded.
Compiler: /usr/bin/cc 
Build flags: ;-ffunction-sections;-fdata-sections;-fPIC;-m64
Id flags:  

The output was:
0


Compilation of the C compiler identification source "CMakeCCompilerId.c" produced "a.out"

The C compiler identification is GNU, found in "/workspace/firstRust/time_till_grandad/target/debug/build/fltk-sys-062cd99412801cda/out/build/CMakeFiles/3.22.3/CompilerIdC/a.out"

Compiling the CXX compiler identification source file "CMakeCXXCompilerId.cpp" succeeded.
Compiler: /usr/bin/c++ 
Build flags: ;-ffunction-sections;-fdata-sections;-fPIC;-m64
Id flags:  

The output was:
0


Compilation of the CXX compiler identification source "CMakeCXXCompilerId.cpp" produced "a.out"

The CXX compiler identification is GNU, found in "/workspace/firstRust/time_till_grandad/target/debug/build/fltk-sys-062cd99412801cda/out/build/CMakeFiles/3.22.3/CompilerIdCXX/a.out"

Detecting C compiler ABI info compiled with the following output:
Change Dir: /workspace/firstRust/time_till_grandad/target/debug/build/fltk-sys-062cd99412801cda/out/build/CMakeFiles/CMakeTmp

Run Build Command(s):/usr/bin/make -f Makefile cmTC_5f627/fast && /usr/bin/make  -f CMakeFiles/cmTC_5f627.dir/build.make CMakeFiles/cmTC_5f627.dir/build
make[1]: Entering directory '/workspace/firstRust/time_till_grandad/target/debug/build/fltk-sys-062cd99412801cda/out/build/CMakeFiles/CMakeTmp'
Building C object CMakeFiles/cmTC_5f627.dir/CMakeCCompilerABI.c.o
/usr/bin/cc   -ffunction-sections -fdata-sections -fPIC -m64    -v -o CMakeFiles/cmTC_5f627.dir/CMakeCCompilerABI.c.o -c /home/linuxbrew/.linuxbrew/Cellar/cmake/3.22.3/share/cmake/Modules/CMakeCCompilerABI.c
Using built-in specs.
COLLECT_GCC=/usr/bin/cc
OFFLOAD_TARGET_NAMES=nvptx-none:hsa
OFFLOAD_TARGET_DEFAULT=1
Target: x86_64-linux-gnu
Configured with: ../src/configure -v --with-pkgversion='Ubuntu 9.3.0-17ubuntu1~20.04' --with-bugurl=file:///usr/share/doc/gcc-9/README.Bugs --enable-languages=c,ada,c++,go,brig,d,fortran,objc,obj-c++,gm2 --prefix=/usr --with-gcc-major-version-only --program-suffix=-9 --program-prefix=x86_64-linux-gnu- --enable-shared --enable-linker-build-id --libexecdir=/usr/lib --without-included-gettext --enable-threads=posix --libdir=/usr/lib --enable-nls --enable-clocale=gnu --enable-libstdcxx-debug --enable-libstdcxx-time=yes --with-default-libstdcxx-abi=new --enable-gnu-unique-object --disable-vtable-verify --enable-plugin --enable-default-pie --with-system-zlib --with-target-system-zlib=auto --enable-objc-gc=auto --enable-multiarch --disable-werror --with-arch-32=i686 --with-abi=m64 --with-multilib-list=m32,m64,mx32 --enable-multilib --with-tune=generic --enable-offload-targets=nvptx-none=/build/gcc-9-HskZEa/gcc-9-9.3.0/debian/tmp-nvptx/usr,hsa --without-cuda-driver --enable-checking=release --build=x86_64-linux-gnu --host=x86_64-linux-gnu --target=x86_64-linux-gnu
Thread model: posix
gcc version 9.3.0 (Ubuntu 9.3.0-17ubuntu1~20.04) 
COLLECT_GCC_OPTIONS='-ffunction-sections' '-fdata-sections' '-fPIC' '-m64' '-v' '-o' 'CMakeFiles/cmTC_5f627.dir/CMakeCCompilerABI.c.o' '-c' '-mtune=generic' '-march=x86-64'
 /usr/lib/gcc/x86_64-linux-gnu/9/cc1 -quiet -v -imultiarch x86_64-linux-gnu /home/linuxbrew/.linuxbrew/Cellar/cmake/3.22.3/share/cmake/Modules/CMakeCCompilerABI.c -quiet -dumpbase CMakeCCompilerABI.c -m64 -mtune=generic -march=x86-64 -auxbase-strip CMakeFiles/cmTC_5f627.dir/CMakeCCompilerABI.c.o -version -ffunction-sections -fdata-sections -fPIC -fasynchronous-unwind-tables -fstack-protector-strong -Wformat -Wformat-security -fstack-clash-protection -fcf-protection -o /tmp/cchxSqOA.s
GNU C17 (Ubuntu 9.3.0-17ubuntu1~20.04) version 9.3.0 (x86_64-linux-gnu)
	compiled by GNU C version 9.3.0, GMP version 6.2.0, MPFR version 4.0.2, MPC version 1.1.0, isl version isl-0.22.1-GMP

GGC heuristics: --param ggc-min-expand=100 --param ggc-min-heapsize=131072
ignoring nonexistent directory "/usr/local/include/x86_64-linux-gnu"
ignoring nonexistent directory "/usr/lib/gcc/x86_64-linux-gnu/9/include-fixed"
ignoring nonexistent directory "/usr/lib/gcc/x86_64-linux-gnu/9/../../../../x86_64-linux-gnu/include"
#include "..." search starts here:
#include <...> search starts here:
 /usr/lib/gcc/x86_64-linux-gnu/9/include
 /usr/local/include
 /usr/include/x86_64-linux-gnu
 /usr/include
End of search list.
GNU C17 (Ubuntu 9.3.0-17ubuntu1~20.04) version 9.3.0 (x86_64-linux-gnu)
	compiled by GNU C version 9.3.0, GMP version 6.2.0, MPFR version 4.0.2, MPC version 1.1.0, isl version isl-0.22.1-GMP

GGC heuristics: --param ggc-min-expand=100 --param ggc-min-heapsize=131072
Compiler executable checksum: bbf13931d8de1abe14040c9909cb6969
COLLECT_GCC_OPTIONS='-ffunction-sections' '-fdata-sections' '-fPIC' '-m64' '-v' '-o' 'CMakeFiles/cmTC_5f627.dir/CMakeCCompilerABI.c.o' '-c' '-mtune=generic' '-march=x86-64'
 as -v --64 -o CMakeFiles/cmTC_5f627.dir/CMakeCCompilerABI.c.o /tmp/cchxSqOA.s
GNU assembler version 2.34 (x86_64-linux-gnu) using BFD version (GNU Binutils for Ubuntu) 2.34
COMPILER_PATH=/usr/lib/gcc/x86_64-linux-gnu/9/:/usr/lib/gcc/x86_64-linux-gnu/9/:/usr/lib/gcc/x86_64-linux-gnu/:/usr/lib/gcc/x86_64-linux-gnu/9/:/usr/lib/gcc/x86_64-linux-gnu/
LIBRARY_PATH=/usr/lib/gcc/x86_64-linux-gnu/9/:/usr/lib/gcc/x86_64-linux-gnu/9/../../../x86_64-linux-gnu/:/usr/lib/gcc/x86_64-linux-gnu/9/../../../../lib/:/lib/x86_64-linux-gnu/:/lib/../lib/:/usr/lib/x86_64-linux-gnu/:/usr/lib/../lib/:/usr/lib/gcc/x86_64-linux-gnu/9/../../../:/lib/:/usr/lib/
COLLECT_GCC_OPTIONS='-ffunction-sections' '-fdata-sections' '-fPIC' '-m64' '-v' '-o' 'CMakeFiles/cmTC_5f627.dir/CMakeCCompilerABI.c.o' '-c' '-mtune=generic' '-march=x86-64'
Linking C executable cmTC_5f627
/home/linuxbrew/.linuxbrew/Cellar/cmake/3.22.3/bin/cmake -E cmake_link_script CMakeFiles/cmTC_5f627.dir/link.txt --verbose=1
/usr/bin/cc  -ffunction-sections -fdata-sections -fPIC -m64   -v -rdynamic CMakeFiles/cmTC_5f627.dir/CMakeCCompilerABI.c.o -o cmTC_5f627 
Using built-in specs.
COLLECT_GCC=/usr/bin/cc
COLLECT_LTO_WRAPPER=/usr/lib/gcc/x86_64-linux-gnu/9/lto-wrapper
OFFLOAD_TARGET_NAMES=nvptx-none:hsa
OFFLOAD_TARGET_DEFAULT=1
Target: x86_64-linux-gnu
Configured with: ../src/configure -v --with-pkgversion='Ubuntu 9.3.0-17ubuntu1~20.04' --with-bugurl=file:///usr/share/doc/gcc-9/README.Bugs --enable-languages=c,ada,c++,go,brig,d,fortran,objc,obj-c++,gm2 --prefix=/usr --with-gcc-major-version-only --program-suffix=-9 --program-prefix=x86_64-linux-gnu- --enable-shared --enable-linker-build-id --libexecdir=/usr/lib --without-included-gettext --enable-threads=posix --libdir=/usr/lib --enable-nls --enable-clocale=gnu --enable-libstdcxx-debug --enable-libstdcxx-time=yes --with-default-libstdcxx-abi=new --enable-gnu-unique-object --disable-vtable-verify --enable-plugin --enable-default-pie --with-system-zlib --with-target-system-zlib=auto --enable-objc-gc=auto --enable-multiarch --disable-werror --with-arch-32=i686 --with-abi=m64 --with-multilib-list=m32,m64,mx32 --enable-multilib --with-tune=generic --enable-offload-targets=nvptx-none=/build/gcc-9-HskZEa/gcc-9-9.3.0/debian/tmp-nvptx/usr,hsa --without-cuda-driver --enable-checking=release --build=x86_64-linux-gnu --host=x86_64-linux-gnu --target=x86_64-linux-gnu
Thread model: posix
gcc version 9.3.0 (Ubuntu 9.3.0-17ubuntu1~20.04) 
COMPILER_PATH=/usr/lib/gcc/x86_64-linux-gnu/9/:/usr/lib/gcc/x86_64-linux-gnu/9/:/usr/lib/gcc/x86_64-linux-gnu/:/usr/lib/gcc/x86_64-linux-gnu/9/:/usr/lib/gcc/x86_64-linux-gnu/
LIBRARY_PATH=/usr/lib/gcc/x86_64-linux-gnu/9/:/usr/lib/gcc/x86_64-linux-gnu/9/../../../x86_64-linux-gnu/:/usr/lib/gcc/x86_64-linux-gnu/9/../../../../lib/:/lib/x86_64-linux-gnu/:/lib/../lib/:/usr/lib/x86_64-linux-gnu/:/usr/lib/../lib/:/usr/lib/gcc/x86_64-linux-gnu/9/../../../:/lib/:/usr/lib/
COLLECT_GCC_OPTIONS='-ffunction-sections' '-fdata-sections' '-fPIC' '-m64' '-v' '-rdynamic' '-o' 'cmTC_5f627' '-mtune=generic' '-march=x86-64'
 /usr/lib/gcc/x86_64-linux-gnu/9/collect2 -plugin /usr/lib/gcc/x86_64-linux-gnu/9/liblto_plugin.so -plugin-opt=/usr/lib/gcc/x86_64-linux-gnu/9/lto-wrapper -plugin-opt=-fresolution=/tmp/ccznUmU2.res -plugin-opt=-pass-through=-lgcc -plugin-opt=-pass-through=-lgcc_s -plugin-opt=-pass-through=-lc -plugin-opt=-pass-through=-lgcc -plugin-opt=-pass-through=-lgcc_s --build-id --eh-frame-hdr -m elf_x86_64 --hash-style=gnu --as-needed -export-dynamic -dynamic-linker /lib64/ld-linux-x86-64.so.2 -pie -z now -z relro -o cmTC_5f627 /usr/lib/gcc/x86_64-linux-gnu/9/../../../x86_64-linux-gnu/Scrt1.o /usr/lib/gcc/x86_64-linux-gnu/9/../../../x86_64-linux-gnu/crti.o /usr/lib/gcc/x86_64-linux-gnu/9/crtbeginS.o -L/usr/lib/gcc/x86_64-linux-gnu/9 -L/usr/lib/gcc/x86_64-linux-gnu/9/../../../x86_64-linux-gnu -L/usr/lib/gcc/x86_64-linux-gnu/9/../../../../lib -L/lib/x86_64-linux-gnu -L/lib/../lib -L/usr/lib/x86_64-linux-gnu -L/usr/lib/../lib -L/usr/lib/gcc/x86_64-linux-gnu/9/../../.. CMakeFiles/cmTC_5f627.dir/CMakeCCompilerABI.c.o -lgcc --push-state --as-needed -lgcc_s --pop-state -lc -lgcc --push-state --as-needed -lgcc_s --pop-state /usr/lib/gcc/x86_64-linux-gnu/9/crtendS.o /usr/lib/gcc/x86_64-linux-gnu/9/../../../x86_64-linux-gnu/crtn.o
COLLECT_GCC_OPTIONS='-ffunction-sections' '-fdata-sections' '-fPIC' '-m64' '-v' '-rdynamic' '-o' 'cmTC_5f627' '-mtune=generic' '-march=x86-64'
make[1]: Leaving directory '/workspace/firstRust/time_till_grandad/target/debug/build/fltk-sys-062cd99412801cda/out/build/CMakeFiles/CMakeTmp'



Parsed C implicit include dir info from above output: rv=done
  found start of include info
  found start of implicit include info
    add: [/usr/lib/gcc/x86_64-linux-gnu/9/include]
    add: [/usr/local/include]
    add: [/usr/include/x86_64-linux-gnu]
    add: [/usr/include]
  end of search list found
  collapse include dir [/usr/lib/gcc/x86_64-linux-gnu/9/include] ==> [/usr/lib/gcc/x86_64-linux-gnu/9/include]
  collapse include dir [/usr/local/include] ==> [/usr/local/include]
  collapse include dir [/usr/include/x86_64-linux-gnu] ==> [/usr/include/x86_64-linux-gnu]
  collapse include dir [/usr/include] ==> [/usr/include]
  implicit include dirs: [/usr/lib/gcc/x86_64-linux-gnu/9/include;/usr/local/include;/usr/include/x86_64-linux-gnu;/usr/include]


Parsed C implicit link information from above output:
  link line regex: [^( *|.*[/\])(ld|CMAKE_LINK_STARTFILE-NOTFOUND|([^/\]+-)?ld|collect2)[^/\]*( |$)]
  ignore line: [Change Dir: /workspace/firstRust/time_till_grandad/target/debug/build/fltk-sys-062cd99412801cda/out/build/CMakeFiles/CMakeTmp]
  ignore line: []
  ignore line: [Run Build Command(s):/usr/bin/make -f Makefile cmTC_5f627/fast && /usr/bin/make  -f CMakeFiles/cmTC_5f627.dir/build.make CMakeFiles/cmTC_5f627.dir/build]
  ignore line: [make[1]: Entering directory '/workspace/firstRust/time_till_grandad/target/debug/build/fltk-sys-062cd99412801cda/out/build/CMakeFiles/CMakeTmp']
  ignore line: [Building C object CMakeFiles/cmTC_5f627.dir/CMakeCCompilerABI.c.o]
  ignore line: [/usr/bin/cc   -ffunction-sections -fdata-sections -fPIC -m64    -v -o CMakeFiles/cmTC_5f627.dir/CMakeCCompilerABI.c.o -c /home/linuxbrew/.linuxbrew/Cellar/cmake/3.22.3/share/cmake/Modules/CMakeCCompilerABI.c]
  ignore line: [Using built-in specs.]
  ignore line: [COLLECT_GCC=/usr/bin/cc]
  ignore line: [OFFLOAD_TARGET_NAMES=nvptx-none:hsa]
  ignore line: [OFFLOAD_TARGET_DEFAULT=1]
  ignore line: [Target: x86_64-linux-gnu]
  ignore line: [Configured with: ../src/configure -v --with-pkgversion='Ubuntu 9.3.0-17ubuntu1~20.04' --with-bugurl=file:///usr/share/doc/gcc-9/README.Bugs --enable-languages=c ada c++ go brig d fortran objc obj-c++ gm2 --prefix=/usr --with-gcc-major-version-only --program-suffix=-9 --program-prefix=x86_64-linux-gnu- --enable-shared --enable-linker-build-id --libexecdir=/usr/lib --without-included-gettext --enable-threads=posix --libdir=/usr/lib --enable-nls --enable-clocale=gnu --enable-libstdcxx-debug --enable-libstdcxx-time=yes --with-default-libstdcxx-abi=new --enable-gnu-unique-object --disable-vtable-verify --enable-plugin --enable-default-pie --with-system-zlib --with-target-system-zlib=auto --enable-objc-gc=auto --enable-multiarch --disable-werror --with-arch-32=i686 --with-abi=m64 --with-multilib-list=m32 m64 mx32 --enable-multilib --with-tune=generic --enable-offload-targets=nvptx-none=/build/gcc-9-HskZEa/gcc-9-9.3.0/debian/tmp-nvptx/usr hsa --without-cuda-driver --enable-checking=release --build=x86_64-linux-gnu --host=x86_64-linux-gnu --target=x86_64-linux-gnu]
  ignore line: [Thread model: posix]
  ignore line: [gcc version 9.3.0 (Ubuntu 9.3.0-17ubuntu1~20.04) ]
  ignore line: [COLLECT_GCC_OPTIONS='-ffunction-sections' '-fdata-sections' '-fPIC' '-m64' '-v' '-o' 'CMakeFiles/cmTC_5f627.dir/CMakeCCompilerABI.c.o' '-c' '-mtune=generic' '-march=x86-64']
  ignore line: [ /usr/lib/gcc/x86_64-linux-gnu/9/cc1 -quiet -v -imultiarch x86_64-linux-gnu /home/linuxbrew/.linuxbrew/Cellar/cmake/3.22.3/share/cmake/Modules/CMakeCCompilerABI.c -quiet -dumpbase CMakeCCompilerABI.c -m64 -mtune=generic -march=x86-64 -auxbase-strip CMakeFiles/cmTC_5f627.dir/CMakeCCompilerABI.c.o -version -ffunction-sections -fdata-sections -fPIC -fasynchronous-unwind-tables -fstack-protector-strong -Wformat -Wformat-security -fstack-clash-protection -fcf-protection -o /tmp/cchxSqOA.s]
  ignore line: [GNU C17 (Ubuntu 9.3.0-17ubuntu1~20.04) version 9.3.0 (x86_64-linux-gnu)]
  ignore line: [	compiled by GNU C version 9.3.0  GMP version 6.2.0  MPFR version 4.0.2  MPC version 1.1.0  isl version isl-0.22.1-GMP]
  ignore line: []
  ignore line: [GGC heuristics: --param ggc-min-expand=100 --param ggc-min-heapsize=131072]
  ignore line: [ignoring nonexistent directory "/usr/local/include/x86_64-linux-gnu"]
  ignore line: [ignoring nonexistent directory "/usr/lib/gcc/x86_64-linux-gnu/9/include-fixed"]
  ignore line: [ignoring nonexistent directory "/usr/lib/gcc/x86_64-linux-gnu/9/../../../../x86_64-linux-gnu/include"]
  ignore line: [#include "..." search starts here:]
  ignore line: [#include <...> search starts here:]
  ignore line: [ /usr/lib/gcc/x86_64-linux-gnu/9/include]
  ignore line: [ /usr/local/include]
  ignore line: [ /usr/include/x86_64-linux-gnu]
  ignore line: [ /usr/include]
  ignore line: [End of search list.]
  ignore line: [GNU C17 (Ubuntu 9.3.0-17ubuntu1~20.04) version 9.3.0 (x86_64-linux-gnu)]
  ignore line: [	compiled by GNU C version 9.3.0  GMP version 6.2.0  MPFR version 4.0.2  MPC version 1.1.0  isl version isl-0.22.1-GMP]
  ignore line: []
  ignore line: [GGC heuristics: --param ggc-min-expand=100 --param ggc-min-heapsize=131072]
  ignore line: [Compiler executable checksum: bbf13931d8de1abe14040c9909cb6969]
  ignore line: [COLLECT_GCC_OPTIONS='-ffunction-sections' '-fdata-sections' '-fPIC' '-m64' '-v' '-o' 'CMakeFiles/cmTC_5f627.dir/CMakeCCompilerABI.c.o' '-c' '-mtune=generic' '-march=x86-64']
  ignore line: [ as -v --64 -o CMakeFiles/cmTC_5f627.dir/CMakeCCompilerABI.c.o /tmp/cchxSqOA.s]
  ignore line: [GNU assembler version 2.34 (x86_64-linux-gnu) using BFD version (GNU Binutils for Ubuntu) 2.34]
  ignore line: [COMPILER_PATH=/usr/lib/gcc/x86_64-linux-gnu/9/:/usr/lib/gcc/x86_64-linux-gnu/9/:/usr/lib/gcc/x86_64-linux-gnu/:/usr/lib/gcc/x86_64-linux-gnu/9/:/usr/lib/gcc/x86_64-linux-gnu/]
  ignore line: [LIBRARY_PATH=/usr/lib/gcc/x86_64-linux-gnu/9/:/usr/lib/gcc/x86_64-linux-gnu/9/../../../x86_64-linux-gnu/:/usr/lib/gcc/x86_64-linux-gnu/9/../../../../lib/:/lib/x86_64-linux-gnu/:/lib/../lib/:/usr/lib/x86_64-linux-gnu/:/usr/lib/../lib/:/usr/lib/gcc/x86_64-linux-gnu/9/../../../:/lib/:/usr/lib/]
  ignore line: [COLLECT_GCC_OPTIONS='-ffunction-sections' '-fdata-sections' '-fPIC' '-m64' '-v' '-o' 'CMakeFiles/cmTC_5f627.dir/CMakeCCompilerABI.c.o' '-c' '-mtune=generic' '-march=x86-64']
  ignore line: [Linking C executable cmTC_5f627]
  ignore line: [/home/linuxbrew/.linuxbrew/Cellar/cmake/3.22.3/bin/cmake -E cmake_link_script CMakeFiles/cmTC_5f627.dir/link.txt --verbose=1]
  ignore line: [/usr/bin/cc  -ffunction-sections -fdata-sections -fPIC -m64   -v -rdynamic CMakeFiles/cmTC_5f627.dir/CMakeCCompilerABI.c.o -o cmTC_5f627 ]
  ignore line: [Using built-in specs.]
  ignore line: [COLLECT_GCC=/usr/bin/cc]
  ignore line: [COLLECT_LTO_WRAPPER=/usr/lib/gcc/x86_64-linux-gnu/9/lto-wrapper]
  ignore line: [OFFLOAD_TARGET_NAMES=nvptx-none:hsa]
  ignore line: [OFFLOAD_TARGET_DEFAULT=1]
  ignore line: [Target: x86_64-linux-gnu]
  ignore line: [Configured with: ../src/configure -v --with-pkgversion='Ubuntu 9.3.0-17ubuntu1~20.04' --with-bugurl=file:///usr/share/doc/gcc-9/README.Bugs --enable-languages=c ada c++ go brig d fortran objc obj-c++ gm2 --prefix=/usr --with-gcc-major-version-only --program-suffix=-9 --program-prefix=x86_64-linux-gnu- --enable-shared --enable-linker-build-id --libexecdir=/usr/lib --without-included-gettext --enable-threads=posix --libdir=/usr/lib --enable-nls --enable-clocale=gnu --enable-libstdcxx-debug --enable-libstdcxx-time=yes --with-default-libstdcxx-abi=new --enable-gnu-unique-object --disable-vtable-verify --enable-plugin --enable-default-pie --with-system-zlib --with-target-system-zlib=auto --enable-objc-gc=auto --enable-multiarch --disable-werror --with-arch-32=i686 --with-abi=m64 --with-multilib-list=m32 m64 mx32 --enable-multilib --with-tune=generic --enable-offload-targets=nvptx-none=/build/gcc-9-HskZEa/gcc-9-9.3.0/debian/tmp-nvptx/usr hsa --without-cuda-driver --enable-checking=release --build=x86_64-linux-gnu --host=x86_64-linux-gnu --target=x86_64-linux-gnu]
  ignore line: [Thread model: posix]
  ignore line: [gcc version 9.3.0 (Ubuntu 9.3.0-17ubuntu1~20.04) ]
  ignore line: [COMPILER_PATH=/usr/lib/gcc/x86_64-linux-gnu/9/:/usr/lib/gcc/x86_64-linux-gnu/9/:/usr/lib/gcc/x86_64-linux-gnu/:/usr/lib/gcc/x86_64-linux-gnu/9/:/usr/lib/gcc/x86_64-linux-gnu/]
  ignore line: [LIBRARY_PATH=/usr/lib/gcc/x86_64-linux-gnu/9/:/usr/lib/gcc/x86_64-linux-gnu/9/../../../x86_64-linux-gnu/:/usr/lib/gcc/x86_64-linux-gnu/9/../../../../lib/:/lib/x86_64-linux-gnu/:/lib/../lib/:/usr/lib/x86_64-linux-gnu/:/usr/lib/../lib/:/usr/lib/gcc/x86_64-linux-gnu/9/../../../:/lib/:/usr/lib/]
  ignore line: [COLLECT_GCC_OPTIONS='-ffunction-sections' '-fdata-sections' '-fPIC' '-m64' '-v' '-rdynamic' '-o' 'cmTC_5f627' '-mtune=generic' '-march=x86-64']
  link line: [ /usr/lib/gcc/x86_64-linux-gnu/9/collect2 -plugin /usr/lib/gcc/x86_64-linux-gnu/9/liblto_plugin.so -plugin-opt=/usr/lib/gcc/x86_64-linux-gnu/9/lto-wrapper -plugin-opt=-fresolution=/tmp/ccznUmU2.res -plugin-opt=-pass-through=-lgcc -plugin-opt=-pass-through=-lgcc_s -plugin-opt=-pass-through=-lc -plugin-opt=-pass-through=-lgcc -plugin-opt=-pass-through=-lgcc_s --build-id --eh-frame-hdr -m elf_x86_64 --hash-style=gnu --as-needed -export-dynamic -dynamic-linker /lib64/ld-linux-x86-64.so.2 -pie -z now -z relro -o cmTC_5f627 /usr/lib/gcc/x86_64-linux-gnu/9/../../../x86_64-linux-gnu/Scrt1.o /usr/lib/gcc/x86_64-linux-gnu/9/../../../x86_64-linux-gnu/crti.o /usr/lib/gcc/x86_64-linux-gnu/9/crtbeginS.o -L/usr/lib/gcc/x86_64-linux-gnu/9 -L/usr/lib/gcc/x86_64-linux-gnu/9/../../../x86_64-linux-gnu -L/usr/lib/gcc/x86_64-linux-gnu/9/../../../../lib -L/lib/x86_64-linux-gnu -L/lib/../lib -L/usr/lib/x86_64-linux-gnu -L/usr/lib/../lib -L/usr/lib/gcc/x86_64-linux-gnu/9/../../.. CMakeFiles/cmTC_5f627.dir/CMakeCCompilerABI.c.o -lgcc --push-state --as-needed -lgcc_s --pop-state -lc -lgcc --push-state --as-needed -lgcc_s --pop-state /usr/lib/gcc/x86_64-linux-gnu/9/crtendS.o /usr/lib/gcc/x86_64-linux-gnu/9/../../../x86_64-linux-gnu/crtn.o]
    arg [/usr/lib/gcc/x86_64-linux-gnu/9/collect2] ==> ignore
    arg [-plugin] ==> ignore
    arg [/usr/lib/gcc/x86_64-linux-gnu/9/liblto_plugin.so] ==> ignore
    arg [-plugin-opt=/usr/lib/gcc/x86_64-linux-gnu/9/lto-wrapper] ==> ignore
    arg [-plugin-opt=-fresolution=/tmp/ccznUmU2.res] ==> ignore
    arg [-plugin-opt=-pass-through=-lgcc] ==> ignore
    arg [-plugin-opt=-pass-through=-lgcc_s] ==> ignore
    arg [-plugin-opt=-pass-through=-lc] ==> ignore
    arg [-plugin-opt=-pass-through=-lgcc] ==> ignore
    arg [-plugin-opt=-pass-through=-lgcc_s] ==> ignore
    arg [--build-id] ==> ignore
    arg [--eh-frame-hdr] ==> ignore
    arg [-m] ==> ignore
    arg [elf_x86_64] ==> ignore
    arg [--hash-style=gnu] ==> ignore
    arg [--as-needed] ==> ignore
    arg [-export-dynamic] ==> ignore
    arg [-dynamic-linker] ==> ignore
    arg [/lib64/ld-linux-x86-64.so.2] ==> ignore
    arg [-pie] ==> ignore
    arg [-znow] ==> ignore
    arg [-zrelro] ==> ignore
    arg [-o] ==> ignore
    arg [cmTC_5f627] ==> ignore
    arg [/usr/lib/gcc/x86_64-linux-gnu/9/../../../x86_64-linux-gnu/Scrt1.o] ==> obj [/usr/lib/gcc/x86_64-linux-gnu/9/../../../x86_64-linux-gnu/Scrt1.o]
    arg [/usr/lib/gcc/x86_64-linux-gnu/9/../../../x86_64-linux-gnu/crti.o] ==> obj [/usr/lib/gcc/x86_64-linux-gnu/9/../../../x86_64-linux-gnu/crti.o]
    arg [/usr/lib/gcc/x86_64-linux-gnu/9/crtbeginS.o] ==> obj [/usr/lib/gcc/x86_64-linux-gnu/9/crtbeginS.o]
    arg [-L/usr/lib/gcc/x86_64-linux-gnu/9] ==> dir [/usr/lib/gcc/x86_64-linux-gnu/9]
    arg [-L/usr/lib/gcc/x86_64-linux-gnu/9/../../../x86_64-linux-gnu] ==> dir [/usr/lib/gcc/x86_64-linux-gnu/9/../../../x86_64-linux-gnu]
    arg [-L/usr/lib/gcc/x86_64-linux-gnu/9/../../../../lib] ==> dir [/usr/lib/gcc/x86_64-linux-gnu/9/../../../../lib]
    arg [-L/lib/x86_64-linux-gnu] ==> dir [/lib/x86_64-linux-gnu]
    arg [-L/lib/../lib] ==> dir [/lib/../lib]
    arg [-L/usr/lib/x86_64-linux-gnu] ==> dir [/usr/lib/x86_64-linux-gnu]
    arg [-L/usr/lib/../lib] ==> dir [/usr/lib/../lib]
    arg [-L/usr/lib/gcc/x86_64-linux-gnu/9/../../..] ==> dir [/usr/lib/gcc/x86_64-linux-gnu/9/../../..]
    arg [CMakeFiles/cmTC_5f627.dir/CMakeCCompilerABI.c.o] ==> ignore
    arg [-lgcc] ==> lib [gcc]
    arg [--push-state] ==> ignore
    arg [--as-needed] ==> ignore
    arg [-lgcc_s] ==> lib [gcc_s]
    arg [--pop-state] ==> ignore
    arg [-lc] ==> lib [c]
    arg [-lgcc] ==> lib [gcc]
    arg [--push-state] ==> ignore
    arg [--as-needed] ==> ignore
    arg [-lgcc_s] ==> lib [gcc_s]
    arg [--pop-state] ==> ignore
    arg [/usr/lib/gcc/x86_64-linux-gnu/9/crtendS.o] ==> obj [/usr/lib/gcc/x86_64-linux-gnu/9/crtendS.o]
    arg [/usr/lib/gcc/x86_64-linux-gnu/9/../../../x86_64-linux-gnu/crtn.o] ==> obj [/usr/lib/gcc/x86_64-linux-gnu/9/../../../x86_64-linux-gnu/crtn.o]
  collapse obj [/usr/lib/gcc/x86_64-linux-gnu/9/../../../x86_64-linux-gnu/Scrt1.o] ==> [/usr/lib/x86_64-linux-gnu/Scrt1.o]
  collapse obj [/usr/lib/gcc/x86_64-linux-gnu/9/../../../x86_64-linux-gnu/crti.o] ==> [/usr/lib/x86_64-linux-gnu/crti.o]
  collapse obj [/usr/lib/gcc/x86_64-linux-gnu/9/../../../x86_64-linux-gnu/crtn.o] ==> [/usr/lib/x86_64-linux-gnu/crtn.o]
  collapse library dir [/usr/lib/gcc/x86_64-linux-gnu/9] ==> [/usr/lib/gcc/x86_64-linux-gnu/9]
  collapse library dir [/usr/lib/gcc/x86_64-linux-gnu/9/../../../x86_64-linux-gnu] ==> [/usr/lib/x86_64-linux-gnu]
  collapse library dir [/usr/lib/gcc/x86_64-linux-gnu/9/../../../../lib] ==> [/usr/lib]
  collapse library dir [/lib/x86_64-linux-gnu] ==> [/lib/x86_64-linux-gnu]
  collapse library dir [/lib/../lib] ==> [/lib]
  collapse library dir [/usr/lib/x86_64-linux-gnu] ==> [/usr/lib/x86_64-linux-gnu]
  collapse library dir [/usr/lib/../lib] ==> [/usr/lib]
  collapse library dir [/usr/lib/gcc/x86_64-linux-gnu/9/../../..] ==> [/usr/lib]
  implicit libs: [gcc;gcc_s;c;gcc;gcc_s]
  implicit objs: [/usr/lib/x86_64-linux-gnu/Scrt1.o;/usr/lib/x86_64-linux-gnu/crti.o;/usr/lib/gcc/x86_64-linux-gnu/9/crtbeginS.o;/usr/lib/gcc/x86_64-linux-gnu/9/crtendS.o;/usr/lib/x86_64-linux-gnu/crtn.o]
  implicit dirs: [/usr/lib/gcc/x86_64-linux-gnu/9;/usr/lib/x86_64-linux-gnu;/usr/lib;/lib/x86_64-linux-gnu;/lib]
  implicit fwks: []


Detecting CXX compiler ABI info compiled with the following output:
Change Dir: /workspace/firstRust/time_till_grandad/target/debug/build/fltk-sys-062cd99412801cda/out/build/CMakeFiles/CMakeTmp

Run Build Command(s):/usr/bin/make -f Makefile cmTC_2d213/fast && /usr/bin/make  -f CMakeFiles/cmTC_2d213.dir/build.make CMakeFiles/cmTC_2d213.dir/build
make[1]: Entering directory '/workspace/firstRust/time_till_grandad/target/debug/build/fltk-sys-062cd99412801cda/out/build/CMakeFiles/CMakeTmp'
Building CXX object CMakeFiles/cmTC_2d213.dir/CMakeCXXCompilerABI.cpp.o
/usr/bin/c++   -ffunction-sections -fdata-sections -fPIC -m64    -v -o CMakeFiles/cmTC_2d213.dir/CMakeCXXCompilerABI.cpp.o -c /home/linuxbrew/.linuxbrew/Cellar/cmake/3.22.3/share/cmake/Modules/CMakeCXXCompilerABI.cpp
Using built-in specs.
COLLECT_GCC=/usr/bin/c++
OFFLOAD_TARGET_NAMES=nvptx-none:hsa
OFFLOAD_TARGET_DEFAULT=1
Target: x86_64-linux-gnu
Configured with: ../src/configure -v --with-pkgversion='Ubuntu 9.3.0-17ubuntu1~20.04' --with-bugurl=file:///usr/share/doc/gcc-9/README.Bugs --enable-languages=c,ada,c++,go,brig,d,fortran,objc,obj-c++,gm2 --prefix=/usr --with-gcc-major-version-only --program-suffix=-9 --program-prefix=x86_64-linux-gnu- --enable-shared --enable-linker-build-id --libexecdir=/usr/lib --without-included-gettext --enable-threads=posix --libdir=/usr/lib --enable-nls --enable-clocale=gnu --enable-libstdcxx-debug --enable-libstdcxx-time=yes --with-default-libstdcxx-abi=new --enable-gnu-unique-object --disable-vtable-verify --enable-plugin --enable-default-pie --with-system-zlib --with-target-system-zlib=auto --enable-objc-gc=auto --enable-multiarch --disable-werror --with-arch-32=i686 --with-abi=m64 --with-multilib-list=m32,m64,mx32 --enable-multilib --with-tune=generic --enable-offload-targets=nvptx-none=/build/gcc-9-HskZEa/gcc-9-9.3.0/debian/tmp-nvptx/usr,hsa --without-cuda-driver --enable-checking=release --build=x86_64-linux-gnu --host=x86_64-linux-gnu --target=x86_64-linux-gnu
Thread model: posix
gcc version 9.3.0 (Ubuntu 9.3.0-17ubuntu1~20.04) 
COLLECT_GCC_OPTIONS='-ffunction-sections' '-fdata-sections' '-fPIC' '-m64' '-v' '-o' 'CMakeFiles/cmTC_2d213.dir/CMakeCXXCompilerABI.cpp.o' '-c' '-shared-libgcc' '-mtune=generic' '-march=x86-64'
 /usr/lib/gcc/x86_64-linux-gnu/9/cc1plus -quiet -v -imultiarch x86_64-linux-gnu -D_GNU_SOURCE /home/linuxbrew/.linuxbrew/Cellar/cmake/3.22.3/share/cmake/Modules/CMakeCXXCompilerABI.cpp -quiet -dumpbase CMakeCXXCompilerABI.cpp -m64 -mtune=generic -march=x86-64 -auxbase-strip CMakeFiles/cmTC_2d213.dir/CMakeCXXCompilerABI.cpp.o -version -ffunction-sections -fdata-sections -fPIC -fasynchronous-unwind-tables -fstack-protector-strong -Wformat -Wformat-security -fstack-clash-protection -fcf-protection -o /tmp/ccOnWxFH.s
GNU C++14 (Ubuntu 9.3.0-17ubuntu1~20.04) version 9.3.0 (x86_64-linux-gnu)
	compiled by GNU C version 9.3.0, GMP version 6.2.0, MPFR version 4.0.2, MPC version 1.1.0, isl version isl-0.22.1-GMP

GGC heuristics: --param ggc-min-expand=100 --param ggc-min-heapsize=131072
ignoring duplicate directory "/usr/include/x86_64-linux-gnu/c++/9"
ignoring nonexistent directory "/usr/local/include/x86_64-linux-gnu"
ignoring nonexistent directory "/usr/lib/gcc/x86_64-linux-gnu/9/include-fixed"
ignoring nonexistent directory "/usr/lib/gcc/x86_64-linux-gnu/9/../../../../x86_64-linux-gnu/include"
#include "..." search starts here:
#include <...> search starts here:
 /usr/include/c++/9
 /usr/include/x86_64-linux-gnu/c++/9
 /usr/include/c++/9/backward
 /usr/lib/gcc/x86_64-linux-gnu/9/include
 /usr/local/include
 /usr/include/x86_64-linux-gnu
 /usr/include
End of search list.
GNU C++14 (Ubuntu 9.3.0-17ubuntu1~20.04) version 9.3.0 (x86_64-linux-gnu)
	compiled by GNU C version 9.3.0, GMP version 6.2.0, MPFR version 4.0.2, MPC version 1.1.0, isl version isl-0.22.1-GMP

GGC heuristics: --param ggc-min-expand=100 --param ggc-min-heapsize=131072
Compiler executable checksum: 466f818abe2f30ba03783f22bd12d815
COLLECT_GCC_OPTIONS='-ffunction-sections' '-fdata-sections' '-fPIC' '-m64' '-v' '-o' 'CMakeFiles/cmTC_2d213.dir/CMakeCXXCompilerABI.cpp.o' '-c' '-shared-libgcc' '-mtune=generic' '-march=x86-64'
 as -v --64 -o CMakeFiles/cmTC_2d213.dir/CMakeCXXCompilerABI.cpp.o /tmp/ccOnWxFH.s
GNU assembler version 2.34 (x86_64-linux-gnu) using BFD version (GNU Binutils for Ubuntu) 2.34
COMPILER_PATH=/usr/lib/gcc/x86_64-linux-gnu/9/:/usr/lib/gcc/x86_64-linux-gnu/9/:/usr/lib/gcc/x86_64-linux-gnu/:/usr/lib/gcc/x86_64-linux-gnu/9/:/usr/lib/gcc/x86_64-linux-gnu/
LIBRARY_PATH=/usr/lib/gcc/x86_64-linux-gnu/9/:/usr/lib/gcc/x86_64-linux-gnu/9/../../../x86_64-linux-gnu/:/usr/lib/gcc/x86_64-linux-gnu/9/../../../../lib/:/lib/x86_64-linux-gnu/:/lib/../lib/:/usr/lib/x86_64-linux-gnu/:/usr/lib/../lib/:/usr/lib/gcc/x86_64-linux-gnu/9/../../../:/lib/:/usr/lib/
COLLECT_GCC_OPTIONS='-ffunction-sections' '-fdata-sections' '-fPIC' '-m64' '-v' '-o' 'CMakeFiles/cmTC_2d213.dir/CMakeCXXCompilerABI.cpp.o' '-c' '-shared-libgcc' '-mtune=generic' '-march=x86-64'
Linking CXX executable cmTC_2d213
/home/linuxbrew/.linuxbrew/Cellar/cmake/3.22.3/bin/cmake -E cmake_link_script CMakeFiles/cmTC_2d213.dir/link.txt --verbose=1
/usr/bin/c++  -ffunction-sections -fdata-sections -fPIC -m64   -v -rdynamic CMakeFiles/cmTC_2d213.dir/CMakeCXXCompilerABI.cpp.o -o cmTC_2d213 
Using built-in specs.
COLLECT_GCC=/usr/bin/c++
COLLECT_LTO_WRAPPER=/usr/lib/gcc/x86_64-linux-gnu/9/lto-wrapper
OFFLOAD_TARGET_NAMES=nvptx-none:hsa
OFFLOAD_TARGET_DEFAULT=1
Target: x86_64-linux-gnu
Configured with: ../src/configure -v --with-pkgversion='Ubuntu 9.3.0-17ubuntu1~20.04' --with-bugurl=file:///usr/share/doc/gcc-9/README.Bugs --enable-languages=c,ada,c++,go,brig,d,fortran,objc,obj-c++,gm2 --prefix=/usr --with-gcc-major-version-only --program-suffix=-9 --program-prefix=x86_64-linux-gnu- --enable-shared --enable-linker-build-id --libexecdir=/usr/lib --without-included-gettext --enable-threads=posix --libdir=/usr/lib --enable-nls --enable-clocale=gnu --enable-libstdcxx-debug --enable-libstdcxx-time=yes --with-default-libstdcxx-abi=new --enable-gnu-unique-object --disable-vtable-verify --enable-plugin --enable-default-pie --with-system-zlib --with-target-system-zlib=auto --enable-objc-gc=auto --enable-multiarch --disable-werror --with-arch-32=i686 --with-abi=m64 --with-multilib-list=m32,m64,mx32 --enable-multilib --with-tune=generic --enable-offload-targets=nvptx-none=/build/gcc-9-HskZEa/gcc-9-9.3.0/debian/tmp-nvptx/usr,hsa --without-cuda-driver --enable-checking=release --build=x86_64-linux-gnu --host=x86_64-linux-gnu --target=x86_64-linux-gnu
Thread model: posix
gcc version 9.3.0 (Ubuntu 9.3.0-17ubuntu1~20.04) 
COMPILER_PATH=/usr/lib/gcc/x86_64-linux-gnu/9/:/usr/lib/gcc/x86_64-linux-gnu/9/:/usr/lib/gcc/x86_64-linux-gnu/:/usr/lib/gcc/x86_64-linux-gnu/9/:/usr/lib/gcc/x86_64-linux-gnu/
LIBRARY_PATH=/usr/lib/gcc/x86_64-linux-gnu/9/:/usr/lib/gcc/x86_64-linux-gnu/9/../../../x86_64-linux-gnu/:/usr/lib/gcc/x86_64-linux-gnu/9/../../../../lib/:/lib/x86_64-linux-gnu/:/lib/../lib/:/usr/lib/x86_64-linux-gnu/:/usr/lib/../lib/:/usr/lib/gcc/x86_64-linux-gnu/9/../../../:/lib/:/usr/lib/
COLLECT_GCC_OPTIONS='-ffunction-sections' '-fdata-sections' '-fPIC' '-m64' '-v' '-rdynamic' '-o' 'cmTC_2d213' '-shared-libgcc' '-mtune=generic' '-march=x86-64'
 /usr/lib/gcc/x86_64-linux-gnu/9/collect2 -plugin /usr/lib/gcc/x86_64-linux-gnu/9/liblto_plugin.so -plugin-opt=/usr/lib/gcc/x86_64-linux-gnu/9/lto-wrapper -plugin-opt=-fresolution=/tmp/ccd4QoW8.res -plugin-opt=-pass-through=-lgcc_s -plugin-opt=-pass-through=-lgcc -plugin-opt=-pass-through=-lc -plugin-opt=-pass-through=-lgcc_s -plugin-opt=-pass-through=-lgcc --build-id --eh-frame-hdr -m elf_x86_64 --hash-style=gnu --as-needed -export-dynamic -dynamic-linker /lib64/ld-linux-x86-64.so.2 -pie -z now -z relro -o cmTC_2d213 /usr/lib/gcc/x86_64-linux-gnu/9/../../../x86_64-linux-gnu/Scrt1.o /usr/lib/gcc/x86_64-linux-gnu/9/../../../x86_64-linux-gnu/crti.o /usr/lib/gcc/x86_64-linux-gnu/9/crtbeginS.o -L/usr/lib/gcc/x86_64-linux-gnu/9 -L/usr/lib/gcc/x86_64-linux-gnu/9/../../../x86_64-linux-gnu -L/usr/lib/gcc/x86_64-linux-gnu/9/../../../../lib -L/lib/x86_64-linux-gnu -L/lib/../lib -L/usr/lib/x86_64-linux-gnu -L/usr/lib/../lib -L/usr/lib/gcc/x86_64-linux-gnu/9/../../.. CMakeFiles/cmTC_2d213.dir/CMakeCXXCompilerABI.cpp.o -lstdc++ -lm -lgcc_s -lgcc -lc -lgcc_s -lgcc /usr/lib/gcc/x86_64-linux-gnu/9/crtendS.o /usr/lib/gcc/x86_64-linux-gnu/9/../../../x86_64-linux-gnu/crtn.o
COLLECT_GCC_OPTIONS='-ffunction-sections' '-fdata-sections' '-fPIC' '-m64' '-v' '-rdynamic' '-o' 'cmTC_2d213' '-shared-libgcc' '-mtune=generic' '-march=x86-64'
make[1]: Leaving directory '/workspace/firstRust/time_till_grandad/target/debug/build/fltk-sys-062cd99412801cda/out/build/CMakeFiles/CMakeTmp'



Parsed CXX implicit include dir info from above output: rv=done
  found start of include info
  found start of implicit include info
    add: [/usr/include/c++/9]
    add: [/usr/include/x86_64-linux-gnu/c++/9]
    add: [/usr/include/c++/9/backward]
    add: [/usr/lib/gcc/x86_64-linux-gnu/9/include]
    add: [/usr/local/include]
    add: [/usr/include/x86_64-linux-gnu]
    add: [/usr/include]
  end of search list found
  collapse include dir [/usr/include/c++/9] ==> [/usr/include/c++/9]
  collapse include dir [/usr/include/x86_64-linux-gnu/c++/9] ==> [/usr/include/x86_64-linux-gnu/c++/9]
  collapse include dir [/usr/include/c++/9/backward] ==> [/usr/include/c++/9/backward]
  collapse include dir [/usr/lib/gcc/x86_64-linux-gnu/9/include] ==> [/usr/lib/gcc/x86_64-linux-gnu/9/include]
  collapse include dir [/usr/local/include] ==> [/usr/local/include]
  collapse include dir [/usr/include/x86_64-linux-gnu] ==> [/usr/include/x86_64-linux-gnu]
  collapse include dir [/usr/include] ==> [/usr/include]
  implicit include dirs: [/usr/include/c++/9;/usr/include/x86_64-linux-gnu/c++/9;/usr/include/c++/9/backward;/usr/lib/gcc/x86_64-linux-gnu/9/include;/usr/local/include;/usr/include/x86_64-linux-gnu;/usr/include]


Parsed CXX implicit link information from above output:
  link line regex: [^( *|.*[/\])(ld|CMAKE_LINK_STARTFILE-NOTFOUND|([^/\]+-)?ld|collect2)[^/\]*( |$)]
  ignore line: [Change Dir: /workspace/firstRust/time_till_grandad/target/debug/build/fltk-sys-062cd99412801cda/out/build/CMakeFiles/CMakeTmp]
  ignore line: []
  ignore line: [Run Build Command(s):/usr/bin/make -f Makefile cmTC_2d213/fast && /usr/bin/make  -f CMakeFiles/cmTC_2d213.dir/build.make CMakeFiles/cmTC_2d213.dir/build]
  ignore line: [make[1]: Entering directory '/workspace/firstRust/time_till_grandad/target/debug/build/fltk-sys-062cd99412801cda/out/build/CMakeFiles/CMakeTmp']
  ignore line: [Building CXX object CMakeFiles/cmTC_2d213.dir/CMakeCXXCompilerABI.cpp.o]
  ignore line: [/usr/bin/c++   -ffunction-sections -fdata-sections -fPIC -m64    -v -o CMakeFiles/cmTC_2d213.dir/CMakeCXXCompilerABI.cpp.o -c /home/linuxbrew/.linuxbrew/Cellar/cmake/3.22.3/share/cmake/Modules/CMakeCXXCompilerABI.cpp]
  ignore line: [Using built-in specs.]
  ignore line: [COLLECT_GCC=/usr/bin/c++]
  ignore line: [OFFLOAD_TARGET_NAMES=nvptx-none:hsa]
  ignore line: [OFFLOAD_TARGET_DEFAULT=1]
  ignore line: [Target: x86_64-linux-gnu]
  ignore line: [Configured with: ../src/configure -v --with-pkgversion='Ubuntu 9.3.0-17ubuntu1~20.04' --with-bugurl=file:///usr/share/doc/gcc-9/README.Bugs --enable-languages=c ada c++ go brig d fortran objc obj-c++ gm2 --prefix=/usr --with-gcc-major-version-only --program-suffix=-9 --program-prefix=x86_64-linux-gnu- --enable-shared --enable-linker-build-id --libexecdir=/usr/lib --without-included-gettext --enable-threads=posix --libdir=/usr/lib --enable-nls --enable-clocale=gnu --enable-libstdcxx-debug --enable-libstdcxx-time=yes --with-default-libstdcxx-abi=new --enable-gnu-unique-object --disable-vtable-verify --enable-plugin --enable-default-pie --with-system-zlib --with-target-system-zlib=auto --enable-objc-gc=auto --enable-multiarch --disable-werror --with-arch-32=i686 --with-abi=m64 --with-multilib-list=m32 m64 mx32 --enable-multilib --with-tune=generic --enable-offload-targets=nvptx-none=/build/gcc-9-HskZEa/gcc-9-9.3.0/debian/tmp-nvptx/usr hsa --without-cuda-driver --enable-checking=release --build=x86_64-linux-gnu --host=x86_64-linux-gnu --target=x86_64-linux-gnu]
  ignore line: [Thread model: posix]
  ignore line: [gcc version 9.3.0 (Ubuntu 9.3.0-17ubuntu1~20.04) ]
  ignore line: [COLLECT_GCC_OPTIONS='-ffunction-sections' '-fdata-sections' '-fPIC' '-m64' '-v' '-o' 'CMakeFiles/cmTC_2d213.dir/CMakeCXXCompilerABI.cpp.o' '-c' '-shared-libgcc' '-mtune=generic' '-march=x86-64']
  ignore line: [ /usr/lib/gcc/x86_64-linux-gnu/9/cc1plus -quiet -v -imultiarch x86_64-linux-gnu -D_GNU_SOURCE /home/linuxbrew/.linuxbrew/Cellar/cmake/3.22.3/share/cmake/Modules/CMakeCXXCompilerABI.cpp -quiet -dumpbase CMakeCXXCompilerABI.cpp -m64 -mtune=generic -march=x86-64 -auxbase-strip CMakeFiles/cmTC_2d213.dir/CMakeCXXCompilerABI.cpp.o -version -ffunction-sections -fdata-sections -fPIC -fasynchronous-unwind-tables -fstack-protector-strong -Wformat -Wformat-security -fstack-clash-protection -fcf-protection -o /tmp/ccOnWxFH.s]
  ignore line: [GNU C++14 (Ubuntu 9.3.0-17ubuntu1~20.04) version 9.3.0 (x86_64-linux-gnu)]
  ignore line: [	compiled by GNU C version 9.3.0  GMP version 6.2.0  MPFR version 4.0.2  MPC version 1.1.0  isl version isl-0.22.1-GMP]
  ignore line: []
  ignore line: [GGC heuristics: --param ggc-min-expand=100 --param ggc-min-heapsize=131072]
  ignore line: [ignoring duplicate directory "/usr/include/x86_64-linux-gnu/c++/9"]
  ignore line: [ignoring nonexistent directory "/usr/local/include/x86_64-linux-gnu"]
  ignore line: [ignoring nonexistent directory "/usr/lib/gcc/x86_64-linux-gnu/9/include-fixed"]
  ignore line: [ignoring nonexistent directory "/usr/lib/gcc/x86_64-linux-gnu/9/../../../../x86_64-linux-gnu/include"]
  ignore line: [#include "..." search starts here:]
  ignore line: [#include <...> search starts here:]
  ignore line: [ /usr/include/c++/9]
  ignore line: [ /usr/include/x86_64-linux-gnu/c++/9]
  ignore line: [ /usr/include/c++/9/backward]
  ignore line: [ /usr/lib/gcc/x86_64-linux-gnu/9/include]
  ignore line: [ /usr/local/include]
  ignore line: [ /usr/include/x86_64-linux-gnu]
  ignore line: [ /usr/include]
  ignore line: [End of search list.]
  ignore line: [GNU C++14 (Ubuntu 9.3.0-17ubuntu1~20.04) version 9.3.0 (x86_64-linux-gnu)]
  ignore line: [	compiled by GNU C version 9.3.0  GMP version 6.2.0  MPFR version 4.0.2  MPC version 1.1.0  isl version isl-0.22.1-GMP]
  ignore line: []
  ignore line: [GGC heuristics: --param ggc-min-expand=100 --param ggc-min-heapsize=131072]
  ignore line: [Compiler executable checksum: 466f818abe2f30ba03783f22bd12d815]
  ignore line: [COLLECT_GCC_OPTIONS='-ffunction-sections' '-fdata-sections' '-fPIC' '-m64' '-v' '-o' 'CMakeFiles/cmTC_2d213.dir/CMakeCXXCompilerABI.cpp.o' '-c' '-shared-libgcc' '-mtune=generic' '-march=x86-64']
  ignore line: [ as -v --64 -o CMakeFiles/cmTC_2d213.dir/CMakeCXXCompilerABI.cpp.o /tmp/ccOnWxFH.s]
  ignore line: [GNU assembler version 2.34 (x86_64-linux-gnu) using BFD version (GNU Binutils for Ubuntu) 2.34]
  ignore line: [COMPILER_PATH=/usr/lib/gcc/x86_64-linux-gnu/9/:/usr/lib/gcc/x86_64-linux-gnu/9/:/usr/lib/gcc/x86_64-linux-gnu/:/usr/lib/gcc/x86_64-linux-gnu/9/:/usr/lib/gcc/x86_64-linux-gnu/]
  ignore line: [LIBRARY_PATH=/usr/lib/gcc/x86_64-linux-gnu/9/:/usr/lib/gcc/x86_64-linux-gnu/9/../../../x86_64-linux-gnu/:/usr/lib/gcc/x86_64-linux-gnu/9/../../../../lib/:/lib/x86_64-linux-gnu/:/lib/../lib/:/usr/lib/x86_64-linux-gnu/:/usr/lib/../lib/:/usr/lib/gcc/x86_64-linux-gnu/9/../../../:/lib/:/usr/lib/]
  ignore line: [COLLECT_GCC_OPTIONS='-ffunction-sections' '-fdata-sections' '-fPIC' '-m64' '-v' '-o' 'CMakeFiles/cmTC_2d213.dir/CMakeCXXCompilerABI.cpp.o' '-c' '-shared-libgcc' '-mtune=generic' '-march=x86-64']
  ignore line: [Linking CXX executable cmTC_2d213]
  ignore line: [/home/linuxbrew/.linuxbrew/Cellar/cmake/3.22.3/bin/cmake -E cmake_link_script CMakeFiles/cmTC_2d213.dir/link.txt --verbose=1]
  ignore line: [/usr/bin/c++  -ffunction-sections -fdata-sections -fPIC -m64   -v -rdynamic CMakeFiles/cmTC_2d213.dir/CMakeCXXCompilerABI.cpp.o -o cmTC_2d213 ]
  ignore line: [Using built-in specs.]
  ignore line: [COLLECT_GCC=/usr/bin/c++]
  ignore line: [COLLECT_LTO_WRAPPER=/usr/lib/gcc/x86_64-linux-gnu/9/lto-wrapper]
  ignore line: [OFFLOAD_TARGET_NAMES=nvptx-none:hsa]
  ignore line: [OFFLOAD_TARGET_DEFAULT=1]
  ignore line: [Target: x86_64-linux-gnu]
  ignore line: [Configured with: ../src/configure -v --with-pkgversion='Ubuntu 9.3.0-17ubuntu1~20.04' --with-bugurl=file:///usr/share/doc/gcc-9/README.Bugs --enable-languages=c ada c++ go brig d fortran objc obj-c++ gm2 --prefix=/usr --with-gcc-major-version-only --program-suffix=-9 --program-prefix=x86_64-linux-gnu- --enable-shared --enable-linker-build-id --libexecdir=/usr/lib --without-included-gettext --enable-threads=posix --libdir=/usr/lib --enable-nls --enable-clocale=gnu --enable-libstdcxx-debug --enable-libstdcxx-time=yes --with-default-libstdcxx-abi=new --enable-gnu-unique-object --disable-vtable-verify --enable-plugin --enable-default-pie --with-system-zlib --with-target-system-zlib=auto --enable-objc-gc=auto --enable-multiarch --disable-werror --with-arch-32=i686 --with-abi=m64 --with-multilib-list=m32 m64 mx32 --enable-multilib --with-tune=generic --enable-offload-targets=nvptx-none=/build/gcc-9-HskZEa/gcc-9-9.3.0/debian/tmp-nvptx/usr hsa --without-cuda-driver --enable-checking=release --build=x86_64-linux-gnu --host=x86_64-linux-gnu --target=x86_64-linux-gnu]
  ignore line: [Thread model: posix]
  ignore line: [gcc version 9.3.0 (Ubuntu 9.3.0-17ubuntu1~20.04) ]
  ignore line: [COMPILER_PATH=/usr/lib/gcc/x86_64-linux-gnu/9/:/usr/lib/gcc/x86_64-linux-gnu/9/:/usr/lib/gcc/x86_64-linux-gnu/:/usr/lib/gcc/x86_64-linux-gnu/9/:/usr/lib/gcc/x86_64-linux-gnu/]
  ignore line: [LIBRARY_PATH=/usr/lib/gcc/x86_64-linux-gnu/9/:/usr/lib/gcc/x86_64-linux-gnu/9/../../../x86_64-linux-gnu/:/usr/lib/gcc/x86_64-linux-gnu/9/../../../../lib/:/lib/x86_64-linux-gnu/:/lib/../lib/:/usr/lib/x86_64-linux-gnu/:/usr/lib/../lib/:/usr/lib/gcc/x86_64-linux-gnu/9/../../../:/lib/:/usr/lib/]
  ignore line: [COLLECT_GCC_OPTIONS='-ffunction-sections' '-fdata-sections' '-fPIC' '-m64' '-v' '-rdynamic' '-o' 'cmTC_2d213' '-shared-libgcc' '-mtune=generic' '-march=x86-64']
  link line: [ /usr/lib/gcc/x86_64-linux-gnu/9/collect2 -plugin /usr/lib/gcc/x86_64-linux-gnu/9/liblto_plugin.so -plugin-opt=/usr/lib/gcc/x86_64-linux-gnu/9/lto-wrapper -plugin-opt=-fresolution=/tmp/ccd4QoW8.res -plugin-opt=-pass-through=-lgcc_s -plugin-opt=-pass-through=-lgcc -plugin-opt=-pass-through=-lc -plugin-opt=-pass-through=-lgcc_s -plugin-opt=-pass-through=-lgcc --build-id --eh-frame-hdr -m elf_x86_64 --hash-style=gnu --as-needed -export-dynamic -dynamic-linker /lib64/ld-linux-x86-64.so.2 -pie -z now -z relro -o cmTC_2d213 /usr/lib/gcc/x86_64-linux-gnu/9/../../../x86_64-linux-gnu/Scrt1.o /usr/lib/gcc/x86_64-linux-gnu/9/../../../x86_64-linux-gnu/crti.o /usr/lib/gcc/x86_64-linux-gnu/9/crtbeginS.o -L/usr/lib/gcc/x86_64-linux-gnu/9 -L/usr/lib/gcc/x86_64-linux-gnu/9/../../../x86_64-linux-gnu -L/usr/lib/gcc/x86_64-linux-gnu/9/../../../../lib -L/lib/x86_64-linux-gnu -L/lib/../lib -L/usr/lib/x86_64-linux-gnu -L/usr/lib/../lib -L/usr/lib/gcc/x86_64-linux-gnu/9/../../.. CMakeFiles/cmTC_2d213.dir/CMakeCXXCompilerABI.cpp.o -lstdc++ -lm -lgcc_s -lgcc -lc -lgcc_s -lgcc /usr/lib/gcc/x86_64-linux-gnu/9/crtendS.o /usr/lib/gcc/x86_64-linux-gnu/9/../../../x86_64-linux-gnu/crtn.o]
    arg [/usr/lib/gcc/x86_64-linux-gnu/9/collect2] ==> ignore
    arg [-plugin] ==> ignore
    arg [/usr/lib/gcc/x86_64-linux-gnu/9/liblto_plugin.so] ==> ignore
    arg [-plugin-opt=/usr/lib/gcc/x86_64-linux-gnu/9/lto-wrapper] ==> ignore
    arg [-plugin-opt=-fresolution=/tmp/ccd4QoW8.res] ==> ignore
    arg [-plugin-opt=-pass-through=-lgcc_s] ==> ignore
    arg [-plugin-opt=-pass-through=-lgcc] ==> ignore
    arg [-plugin-opt=-pass-through=-lc] ==> ignore
    arg [-plugin-opt=-pass-through=-lgcc_s] ==> ignore
    arg [-plugin-opt=-pass-through=-lgcc] ==> ignore
    arg [--build-id] ==> ignore
    arg [--eh-frame-hdr] ==> ignore
    arg [-m] ==> ignore
    arg [elf_x86_64] ==> ignore
    arg [--hash-style=gnu] ==> ignore
    arg [--as-needed] ==> ignore
    arg [-export-dynamic] ==> ignore
    arg [-dynamic-linker] ==> ignore
    arg [/lib64/ld-linux-x86-64.so.2] ==> ignore
    arg [-pie] ==> ignore
    arg [-znow] ==> ignore
    arg [-zrelro] ==> ignore
    arg [-o] ==> ignore
    arg [cmTC_2d213] ==> ignore
    arg [/usr/lib/gcc/x86_64-linux-gnu/9/../../../x86_64-linux-gnu/Scrt1.o] ==> obj [/usr/lib/gcc/x86_64-linux-gnu/9/../../../x86_64-linux-gnu/Scrt1.o]
    arg [/usr/lib/gcc/x86_64-linux-gnu/9/../../../x86_64-linux-gnu/crti.o] ==> obj [/usr/lib/gcc/x86_64-linux-gnu/9/../../../x86_64-linux-gnu/crti.o]
    arg [/usr/lib/gcc/x86_64-linux-gnu/9/crtbeginS.o] ==> obj [/usr/lib/gcc/x86_64-linux-gnu/9/crtbeginS.o]
    arg [-L/usr/lib/gcc/x86_64-linux-gnu/9] ==> dir [/usr/lib/gcc/x86_64-linux-gnu/9]
    arg [-L/usr/lib/gcc/x86_64-linux-gnu/9/../../../x86_64-linux-gnu] ==> dir [/usr/lib/gcc/x86_64-linux-gnu/9/../../../x86_64-linux-gnu]
    arg [-L/usr/lib/gcc/x86_64-linux-gnu/9/../../../../lib] ==> dir [/usr/lib/gcc/x86_64-linux-gnu/9/../../../../lib]
    arg [-L/lib/x86_64-linux-gnu] ==> dir [/lib/x86_64-linux-gnu]
    arg [-L/lib/../lib] ==> dir [/lib/../lib]
    arg [-L/usr/lib/x86_64-linux-gnu] ==> dir [/usr/lib/x86_64-linux-gnu]
    arg [-L/usr/lib/../lib] ==> dir [/usr/lib/../lib]
    arg [-L/usr/lib/gcc/x86_64-linux-gnu/9/../../..] ==> dir [/usr/lib/gcc/x86_64-linux-gnu/9/../../..]
    arg [CMakeFiles/cmTC_2d213.dir/CMakeCXXCompilerABI.cpp.o] ==> ignore
    arg [-lstdc++] ==> lib [stdc++]
    arg [-lm] ==> lib [m]
    arg [-lgcc_s] ==> lib [gcc_s]
    arg [-lgcc] ==> lib [gcc]
    arg [-lc] ==> lib [c]
    arg [-lgcc_s] ==> lib [gcc_s]
    arg [-lgcc] ==> lib [gcc]
    arg [/usr/lib/gcc/x86_64-linux-gnu/9/crtendS.o] ==> obj [/usr/lib/gcc/x86_64-linux-gnu/9/crtendS.o]
    arg [/usr/lib/gcc/x86_64-linux-gnu/9/../../../x86_64-linux-gnu/crtn.o] ==> obj [/usr/lib/gcc/x86_64-linux-gnu/9/../../../x86_64-linux-gnu/crtn.o]
  collapse obj [/usr/lib/gcc/x86_64-linux-gnu/9/../../../x86_64-linux-gnu/Scrt1.o] ==> [/usr/lib/x86_64-linux-gnu/Scrt1.o]
  collapse obj [/usr/lib/gcc/x86_64-linux-gnu/9/../../../x86_64-linux-gnu/crti.o] ==> [/usr/lib/x86_64-linux-gnu/crti.o]
  collapse obj [/usr/lib/gcc/x86_64-linux-gnu/9/../../../x86_64-linux-gnu/crtn.o] ==> [/usr/lib/x86_64-linux-gnu/crtn.o]
  collapse library dir [/usr/lib/gcc/x86_64-linux-gnu/9] ==> [/usr/lib/gcc/x86_64-linux-gnu/9]
  collapse library dir [/usr/lib/gcc/x86_64-linux-gnu/9/../../../x86_64-linux-gnu] ==> [/usr/lib/x86_64-linux-gnu]
  collapse library dir [/usr/lib/gcc/x86_64-linux-gnu/9/../../../../lib] ==> [/usr/lib]
  collapse library dir [/lib/x86_64-linux-gnu] ==> [/lib/x86_64-linux-gnu]
  collapse library dir [/lib/../lib] ==> [/lib]
  collapse library dir [/usr/lib/x86_64-linux-gnu] ==> [/usr/lib/x86_64-linux-gnu]
  collapse library dir [/usr/lib/../lib] ==> [/usr/lib]
  collapse library dir [/usr/lib/gcc/x86_64-linux-gnu/9/../../..] ==> [/usr/lib]
  implicit libs: [stdc++;m;gcc_s;gcc;c;gcc_s;gcc]
  implicit objs: [/usr/lib/x86_64-linux-gnu/Scrt1.o;/usr/lib/x86_64-linux-gnu/crti.o;/usr/lib/gcc/x86_64-linux-gnu/9/crtbeginS.o;/usr/lib/gcc/x86_64-linux-gnu/9/crtendS.o;/usr/lib/x86_64-linux-gnu/crtn.o]
  implicit dirs: [/usr/lib/gcc/x86_64-linux-gnu/9;/usr/lib/x86_64-linux-gnu;/usr/lib;/lib/x86_64-linux-gnu;/lib]
  implicit fwks: []


Determining if the include file sys/types.h exists passed with the following output:
Change Dir: /workspace/firstRust/time_till_grandad/target/debug/build/fltk-sys-062cd99412801cda/out/build/CMakeFiles/CMakeTmp

Run Build Command(s):/usr/bin/make -f Makefile cmTC_6cfcf/fast && /usr/bin/make  -f CMakeFiles/cmTC_6cfcf.dir/build.make CMakeFiles/cmTC_6cfcf.dir/build
make[1]: Entering directory '/workspace/firstRust/time_till_grandad/target/debug/build/fltk-sys-062cd99412801cda/out/build/CMakeFiles/CMakeTmp'
Building C object CMakeFiles/cmTC_6cfcf.dir/CheckIncludeFile.c.o
/usr/bin/cc   -ffunction-sections -fdata-sections -fPIC -m64  -o CMakeFiles/cmTC_6cfcf.dir/CheckIncludeFile.c.o -c /workspace/firstRust/time_till_grandad/target/debug/build/fltk-sys-062cd99412801cda/out/build/CMakeFiles/CMakeTmp/CheckIncludeFile.c
Linking C executable cmTC_6cfcf
/home/linuxbrew/.linuxbrew/Cellar/cmake/3.22.3/bin/cmake -E cmake_link_script CMakeFiles/cmTC_6cfcf.dir/link.txt --verbose=1
/usr/bin/cc  -ffunction-sections -fdata-sections -fPIC -m64  -rdynamic CMakeFiles/cmTC_6cfcf.dir/CheckIncludeFile.c.o -o cmTC_6cfcf 
make[1]: Leaving directory '/workspace/firstRust/time_till_grandad/target/debug/build/fltk-sys-062cd99412801cda/out/build/CMakeFiles/CMakeTmp'



Determining if the include file stdint.h exists passed with the following output:
Change Dir: /workspace/firstRust/time_till_grandad/target/debug/build/fltk-sys-062cd99412801cda/out/build/CMakeFiles/CMakeTmp

Run Build Command(s):/usr/bin/make -f Makefile cmTC_6e72f/fast && /usr/bin/make  -f CMakeFiles/cmTC_6e72f.dir/build.make CMakeFiles/cmTC_6e72f.dir/build
make[1]: Entering directory '/workspace/firstRust/time_till_grandad/target/debug/build/fltk-sys-062cd99412801cda/out/build/CMakeFiles/CMakeTmp'
Building C object CMakeFiles/cmTC_6e72f.dir/CheckIncludeFile.c.o
/usr/bin/cc   -ffunction-sections -fdata-sections -fPIC -m64  -o CMakeFiles/cmTC_6e72f.dir/CheckIncludeFile.c.o -c /workspace/firstRust/time_till_grandad/target/debug/build/fltk-sys-062cd99412801cda/out/build/CMakeFiles/CMakeTmp/CheckIncludeFile.c
Linking C executable cmTC_6e72f
/home/linuxbrew/.linuxbrew/Cellar/cmake/3.22.3/bin/cmake -E cmake_link_script CMakeFiles/cmTC_6e72f.dir/link.txt --verbose=1
/usr/bin/cc  -ffunction-sections -fdata-sections -fPIC -m64  -rdynamic CMakeFiles/cmTC_6e72f.dir/CheckIncludeFile.c.o -o cmTC_6e72f 
make[1]: Leaving directory '/workspace/firstRust/time_till_grandad/target/debug/build/fltk-sys-062cd99412801cda/out/build/CMakeFiles/CMakeTmp'



Determining if the include file stddef.h exists passed with the following output:
Change Dir: /workspace/firstRust/time_till_grandad/target/debug/build/fltk-sys-062cd99412801cda/out/build/CMakeFiles/CMakeTmp

Run Build Command(s):/usr/bin/make -f Makefile cmTC_1b2e2/fast && /usr/bin/make  -f CMakeFiles/cmTC_1b2e2.dir/build.make CMakeFiles/cmTC_1b2e2.dir/build
make[1]: Entering directory '/workspace/firstRust/time_till_grandad/target/debug/build/fltk-sys-062cd99412801cda/out/build/CMakeFiles/CMakeTmp'
Building C object CMakeFiles/cmTC_1b2e2.dir/CheckIncludeFile.c.o
/usr/bin/cc   -ffunction-sections -fdata-sections -fPIC -m64  -o CMakeFiles/cmTC_1b2e2.dir/CheckIncludeFile.c.o -c /workspace/firstRust/time_till_grandad/target/debug/build/fltk-sys-062cd99412801cda/out/build/CMakeFiles/CMakeTmp/CheckIncludeFile.c
Linking C executable cmTC_1b2e2
/home/linuxbrew/.linuxbrew/Cellar/cmake/3.22.3/bin/cmake -E cmake_link_script CMakeFiles/cmTC_1b2e2.dir/link.txt --verbose=1
/usr/bin/cc  -ffunction-sections -fdata-sections -fPIC -m64  -rdynamic CMakeFiles/cmTC_1b2e2.dir/CheckIncludeFile.c.o -o cmTC_1b2e2 
make[1]: Leaving directory '/workspace/firstRust/time_till_grandad/target/debug/build/fltk-sys-062cd99412801cda/out/build/CMakeFiles/CMakeTmp'



Determining size of short passed with the following output:
Change Dir: /workspace/firstRust/time_till_grandad/target/debug/build/fltk-sys-062cd99412801cda/out/build/CMakeFiles/CMakeTmp

Run Build Command(s):/usr/bin/make -f Makefile cmTC_1a9ad/fast && /usr/bin/make  -f CMakeFiles/cmTC_1a9ad.dir/build.make CMakeFiles/cmTC_1a9ad.dir/build
make[1]: Entering directory '/workspace/firstRust/time_till_grandad/target/debug/build/fltk-sys-062cd99412801cda/out/build/CMakeFiles/CMakeTmp'
Building C object CMakeFiles/cmTC_1a9ad.dir/SIZEOF_SHORT.c.o
/usr/bin/cc   -ffunction-sections -fdata-sections -fPIC -m64  -o CMakeFiles/cmTC_1a9ad.dir/SIZEOF_SHORT.c.o -c /workspace/firstRust/time_till_grandad/target/debug/build/fltk-sys-062cd99412801cda/out/build/CMakeFiles/CheckTypeSize/SIZEOF_SHORT.c
Linking C executable cmTC_1a9ad
/home/linuxbrew/.linuxbrew/Cellar/cmake/3.22.3/bin/cmake -E cmake_link_script CMakeFiles/cmTC_1a9ad.dir/link.txt --verbose=1
/usr/bin/cc  -ffunction-sections -fdata-sections -fPIC -m64  -rdynamic CMakeFiles/cmTC_1a9ad.dir/SIZEOF_SHORT.c.o -o cmTC_1a9ad 
make[1]: Leaving directory '/workspace/firstRust/time_till_grandad/target/debug/build/fltk-sys-062cd99412801cda/out/build/CMakeFiles/CMakeTmp'



Determining size of int passed with the following output:
Change Dir: /workspace/firstRust/time_till_grandad/target/debug/build/fltk-sys-062cd99412801cda/out/build/CMakeFiles/CMakeTmp

Run Build Command(s):/usr/bin/make -f Makefile cmTC_0afab/fast && /usr/bin/make  -f CMakeFiles/cmTC_0afab.dir/build.make CMakeFiles/cmTC_0afab.dir/build
make[1]: Entering directory '/workspace/firstRust/time_till_grandad/target/debug/build/fltk-sys-062cd99412801cda/out/build/CMakeFiles/CMakeTmp'
Building C object CMakeFiles/cmTC_0afab.dir/SIZEOF_INT.c.o
/usr/bin/cc   -ffunction-sections -fdata-sections -fPIC -m64  -o CMakeFiles/cmTC_0afab.dir/SIZEOF_INT.c.o -c /workspace/firstRust/time_till_grandad/target/debug/build/fltk-sys-062cd99412801cda/out/build/CMakeFiles/CheckTypeSize/SIZEOF_INT.c
Linking C executable cmTC_0afab
/home/linuxbrew/.linuxbrew/Cellar/cmake/3.22.3/bin/cmake -E cmake_link_script CMakeFiles/cmTC_0afab.dir/link.txt --verbose=1
/usr/bin/cc  -ffunction-sections -fdata-sections -fPIC -m64  -rdynamic CMakeFiles/cmTC_0afab.dir/SIZEOF_INT.c.o -o cmTC_0afab 
make[1]: Leaving directory '/workspace/firstRust/time_till_grandad/target/debug/build/fltk-sys-062cd99412801cda/out/build/CMakeFiles/CMakeTmp'



Determining size of long passed with the following output:
Change Dir: /workspace/firstRust/time_till_grandad/target/debug/build/fltk-sys-062cd99412801cda/out/build/CMakeFiles/CMakeTmp

Run Build Command(s):/usr/bin/make -f Makefile cmTC_84175/fast && /usr/bin/make  -f CMakeFiles/cmTC_84175.dir/build.make CMakeFiles/cmTC_84175.dir/build
make[1]: Entering directory '/workspace/firstRust/time_till_grandad/target/debug/build/fltk-sys-062cd99412801cda/out/build/CMakeFiles/CMakeTmp'
Building C object CMakeFiles/cmTC_84175.dir/SIZEOF_LONG.c.o
/usr/bin/cc   -ffunction-sections -fdata-sections -fPIC -m64  -o CMakeFiles/cmTC_84175.dir/SIZEOF_LONG.c.o -c /workspace/firstRust/time_till_grandad/target/debug/build/fltk-sys-062cd99412801cda/out/build/CMakeFiles/CheckTypeSize/SIZEOF_LONG.c
Linking C executable cmTC_84175
/home/linuxbrew/.linuxbrew/Cellar/cmake/3.22.3/bin/cmake -E cmake_link_script CMakeFiles/cmTC_84175.dir/link.txt --verbose=1
/usr/bin/cc  -ffunction-sections -fdata-sections -fPIC -m64  -rdynamic CMakeFiles/cmTC_84175.dir/SIZEOF_LONG.c.o -o cmTC_84175 
make[1]: Leaving directory '/workspace/firstRust/time_till_grandad/target/debug/build/fltk-sys-062cd99412801cda/out/build/CMakeFiles/CMakeTmp'



Determining size of long long passed with the following output:
Change Dir: /workspace/firstRust/time_till_grandad/target/debug/build/fltk-sys-062cd99412801cda/out/build/CMakeFiles/CMakeTmp

Run Build Command(s):/usr/bin/make -f Makefile cmTC_aef54/fast && /usr/bin/make  -f CMakeFiles/cmTC_aef54.dir/build.make CMakeFiles/cmTC_aef54.dir/build
make[1]: Entering directory '/workspace/firstRust/time_till_grandad/target/debug/build/fltk-sys-062cd99412801cda/out/build/CMakeFiles/CMakeTmp'
Building C object CMakeFiles/cmTC_aef54.dir/HAVE_LONG_LONG.c.o
/usr/bin/cc   -ffunction-sections -fdata-sections -fPIC -m64  -o CMakeFiles/cmTC_aef54.dir/HAVE_LONG_LONG.c.o -c /workspace/firstRust/time_till_grandad/target/debug/build/fltk-sys-062cd99412801cda/out/build/CMakeFiles/CheckTypeSize/HAVE_LONG_LONG.c
Linking C executable cmTC_aef54
/home/linuxbrew/.linuxbrew/Cellar/cmake/3.22.3/bin/cmake -E cmake_link_script CMakeFiles/cmTC_aef54.dir/link.txt --verbose=1
/usr/bin/cc  -ffunction-sections -fdata-sections -fPIC -m64  -rdynamic CMakeFiles/cmTC_aef54.dir/HAVE_LONG_LONG.c.o -o cmTC_aef54 
make[1]: Leaving directory '/workspace/firstRust/time_till_grandad/target/debug/build/fltk-sys-062cd99412801cda/out/build/CMakeFiles/CMakeTmp'



Determining if files dlfcn.h exist passed with the following output:
Change Dir: /workspace/firstRust/time_till_grandad/target/debug/build/fltk-sys-062cd99412801cda/out/build/CMakeFiles/CMakeTmp

Run Build Command(s):/usr/bin/make -f Makefile cmTC_23941/fast && /usr/bin/make  -f CMakeFiles/cmTC_23941.dir/build.make CMakeFiles/cmTC_23941.dir/build
make[1]: Entering directory '/workspace/firstRust/time_till_grandad/target/debug/build/fltk-sys-062cd99412801cda/out/build/CMakeFiles/CMakeTmp'
Building C object CMakeFiles/cmTC_23941.dir/HAVE_DLFCN_H.c.o
/usr/bin/cc   -ffunction-sections -fdata-sections -fPIC -m64  -o CMakeFiles/cmTC_23941.dir/HAVE_DLFCN_H.c.o -c /workspace/firstRust/time_till_grandad/target/debug/build/fltk-sys-062cd99412801cda/out/build/CMakeFiles/CheckIncludeFiles/HAVE_DLFCN_H.c
Linking C executable cmTC_23941
/home/linuxbrew/.linuxbrew/Cellar/cmake/3.22.3/bin/cmake -E cmake_link_script CMakeFiles/cmTC_23941.dir/link.txt --verbose=1
/usr/bin/cc  -ffunction-sections -fdata-sections -fPIC -m64  -rdynamic CMakeFiles/cmTC_23941.dir/HAVE_DLFCN_H.c.o -o cmTC_23941 
make[1]: Leaving directory '/workspace/firstRust/time_till_grandad/target/debug/build/fltk-sys-062cd99412801cda/out/build/CMakeFiles/CMakeTmp'



Determining if files locale.h exist passed with the following output:
Change Dir: /workspace/firstRust/time_till_grandad/target/debug/build/fltk-sys-062cd99412801cda/out/build/CMakeFiles/CMakeTmp

Run Build Command(s):/usr/bin/make -f Makefile cmTC_bc4dc/fast && /usr/bin/make  -f CMakeFiles/cmTC_bc4dc.dir/build.make CMakeFiles/cmTC_bc4dc.dir/build
make[1]: Entering directory '/workspace/firstRust/time_till_grandad/target/debug/build/fltk-sys-062cd99412801cda/out/build/CMakeFiles/CMakeTmp'
Building C object CMakeFiles/cmTC_bc4dc.dir/HAVE_LOCALE_H.c.o
/usr/bin/cc   -ffunction-sections -fdata-sections -fPIC -m64  -o CMakeFiles/cmTC_bc4dc.dir/HAVE_LOCALE_H.c.o -c /workspace/firstRust/time_till_grandad/target/debug/build/fltk-sys-062cd99412801cda/out/build/CMakeFiles/CheckIncludeFiles/HAVE_LOCALE_H.c
Linking C executable cmTC_bc4dc
/home/linuxbrew/.linuxbrew/Cellar/cmake/3.22.3/bin/cmake -E cmake_link_script CMakeFiles/cmTC_bc4dc.dir/link.txt --verbose=1
/usr/bin/cc  -ffunction-sections -fdata-sections -fPIC -m64  -rdynamic CMakeFiles/cmTC_bc4dc.dir/HAVE_LOCALE_H.c.o -o cmTC_bc4dc 
make[1]: Leaving directory '/workspace/firstRust/time_till_grandad/target/debug/build/fltk-sys-062cd99412801cda/out/build/CMakeFiles/CMakeTmp'



Determining if files stdio.h exist passed with the following output:
Change Dir: /workspace/firstRust/time_till_grandad/target/debug/build/fltk-sys-062cd99412801cda/out/build/CMakeFiles/CMakeTmp

Run Build Command(s):/usr/bin/make -f Makefile cmTC_fe61e/fast && /usr/bin/make  -f CMakeFiles/cmTC_fe61e.dir/build.make CMakeFiles/cmTC_fe61e.dir/build
make[1]: Entering directory '/workspace/firstRust/time_till_grandad/target/debug/build/fltk-sys-062cd99412801cda/out/build/CMakeFiles/CMakeTmp'
Building C object CMakeFiles/cmTC_fe61e.dir/HAVE_STDIO_H.c.o
/usr/bin/cc   -ffunction-sections -fdata-sections -fPIC -m64  -o CMakeFiles/cmTC_fe61e.dir/HAVE_STDIO_H.c.o -c /workspace/firstRust/time_till_grandad/target/debug/build/fltk-sys-062cd99412801cda/out/build/CMakeFiles/CheckIncludeFiles/HAVE_STDIO_H.c
Linking C executable cmTC_fe61e
/home/linuxbrew/.linuxbrew/Cellar/cmake/3.22.3/bin/cmake -E cmake_link_script CMakeFiles/cmTC_fe61e.dir/link.txt --verbose=1
/usr/bin/cc  -ffunction-sections -fdata-sections -fPIC -m64  -rdynamic CMakeFiles/cmTC_fe61e.dir/HAVE_STDIO_H.c.o -o cmTC_fe61e 
make[1]: Leaving directory '/workspace/firstRust/time_till_grandad/target/debug/build/fltk-sys-062cd99412801cda/out/build/CMakeFiles/CMakeTmp'



Determining if files strings.h exist passed with the following output:
Change Dir: /workspace/firstRust/time_till_grandad/target/debug/build/fltk-sys-062cd99412801cda/out/build/CMakeFiles/CMakeTmp

Run Build Command(s):/usr/bin/make -f Makefile cmTC_4cedb/fast && /usr/bin/make  -f CMakeFiles/cmTC_4cedb.dir/build.make CMakeFiles/cmTC_4cedb.dir/build
make[1]: Entering directory '/workspace/firstRust/time_till_grandad/target/debug/build/fltk-sys-062cd99412801cda/out/build/CMakeFiles/CMakeTmp'
Building C object CMakeFiles/cmTC_4cedb.dir/HAVE_STRINGS_H.c.o
/usr/bin/cc   -ffunction-sections -fdata-sections -fPIC -m64  -o CMakeFiles/cmTC_4cedb.dir/HAVE_STRINGS_H.c.o -c /workspace/firstRust/time_till_grandad/target/debug/build/fltk-sys-062cd99412801cda/out/build/CMakeFiles/CheckIncludeFiles/HAVE_STRINGS_H.c
Linking C executable cmTC_4cedb
/home/linuxbrew/.linuxbrew/Cellar/cmake/3.22.3/bin/cmake -E cmake_link_script CMakeFiles/cmTC_4cedb.dir/link.txt --verbose=1
/usr/bin/cc  -ffunction-sections -fdata-sections -fPIC -m64  -rdynamic CMakeFiles/cmTC_4cedb.dir/HAVE_STRINGS_H.c.o -o cmTC_4cedb 
make[1]: Leaving directory '/workspace/firstRust/time_till_grandad/target/debug/build/fltk-sys-062cd99412801cda/out/build/CMakeFiles/CMakeTmp'



Determining if files sys/select.h exist passed with the following output:
Change Dir: /workspace/firstRust/time_till_grandad/target/debug/build/fltk-sys-062cd99412801cda/out/build/CMakeFiles/CMakeTmp

Run Build Command(s):/usr/bin/make -f Makefile cmTC_b8ad4/fast && /usr/bin/make  -f CMakeFiles/cmTC_b8ad4.dir/build.make CMakeFiles/cmTC_b8ad4.dir/build
make[1]: Entering directory '/workspace/firstRust/time_till_grandad/target/debug/build/fltk-sys-062cd99412801cda/out/build/CMakeFiles/CMakeTmp'
Building C object CMakeFiles/cmTC_b8ad4.dir/HAVE_SYS_SELECT_H.c.o
/usr/bin/cc   -ffunction-sections -fdata-sections -fPIC -m64  -o CMakeFiles/cmTC_b8ad4.dir/HAVE_SYS_SELECT_H.c.o -c /workspace/firstRust/time_till_grandad/target/debug/build/fltk-sys-062cd99412801cda/out/build/CMakeFiles/CheckIncludeFiles/HAVE_SYS_SELECT_H.c
Linking C executable cmTC_b8ad4
/home/linuxbrew/.linuxbrew/Cellar/cmake/3.22.3/bin/cmake -E cmake_link_script CMakeFiles/cmTC_b8ad4.dir/link.txt --verbose=1
/usr/bin/cc  -ffunction-sections -fdata-sections -fPIC -m64  -rdynamic CMakeFiles/cmTC_b8ad4.dir/HAVE_SYS_SELECT_H.c.o -o cmTC_b8ad4 
make[1]: Leaving directory '/workspace/firstRust/time_till_grandad/target/debug/build/fltk-sys-062cd99412801cda/out/build/CMakeFiles/CMakeTmp'



Determining if files X11/Xlib.h;X11/Xregion.h exist passed with the following output:
Change Dir: /workspace/firstRust/time_till_grandad/target/debug/build/fltk-sys-062cd99412801cda/out/build/CMakeFiles/CMakeTmp

Run Build Command(s):/usr/bin/make -f Makefile cmTC_2a0cd/fast && /usr/bin/make  -f CMakeFiles/cmTC_2a0cd.dir/build.make CMakeFiles/cmTC_2a0cd.dir/build
make[1]: Entering directory '/workspace/firstRust/time_till_grandad/target/debug/build/fltk-sys-062cd99412801cda/out/build/CMakeFiles/CMakeTmp'
Building C object CMakeFiles/cmTC_2a0cd.dir/HAVE_X11_XREGION_H.c.o
/usr/bin/cc   -ffunction-sections -fdata-sections -fPIC -m64  -o CMakeFiles/cmTC_2a0cd.dir/HAVE_X11_XREGION_H.c.o -c /workspace/firstRust/time_till_grandad/target/debug/build/fltk-sys-062cd99412801cda/out/build/CMakeFiles/CheckIncludeFiles/HAVE_X11_XREGION_H.c
Linking C executable cmTC_2a0cd
/home/linuxbrew/.linuxbrew/Cellar/cmake/3.22.3/bin/cmake -E cmake_link_script CMakeFiles/cmTC_2a0cd.dir/link.txt --verbose=1
/usr/bin/cc  -ffunction-sections -fdata-sections -fPIC -m64  -rdynamic CMakeFiles/cmTC_2a0cd.dir/HAVE_X11_XREGION_H.c.o -o cmTC_2a0cd 
make[1]: Leaving directory '/workspace/firstRust/time_till_grandad/target/debug/build/fltk-sys-062cd99412801cda/out/build/CMakeFiles/CMakeTmp'



Determining if files pthread.h exist passed with the following output:
Change Dir: /workspace/firstRust/time_till_grandad/target/debug/build/fltk-sys-062cd99412801cda/out/build/CMakeFiles/CMakeTmp

Run Build Command(s):/usr/bin/make -f Makefile cmTC_370e1/fast && /usr/bin/make  -f CMakeFiles/cmTC_370e1.dir/build.make CMakeFiles/cmTC_370e1.dir/build
make[1]: Entering directory '/workspace/firstRust/time_till_grandad/target/debug/build/fltk-sys-062cd99412801cda/out/build/CMakeFiles/CMakeTmp'
Building C object CMakeFiles/cmTC_370e1.dir/HAVE_PTHREAD_H.c.o
/usr/bin/cc   -ffunction-sections -fdata-sections -fPIC -m64  -o CMakeFiles/cmTC_370e1.dir/HAVE_PTHREAD_H.c.o -c /workspace/firstRust/time_till_grandad/target/debug/build/fltk-sys-062cd99412801cda/out/build/CMakeFiles/CheckIncludeFiles/HAVE_PTHREAD_H.c
Linking C executable cmTC_370e1
/home/linuxbrew/.linuxbrew/Cellar/cmake/3.22.3/bin/cmake -E cmake_link_script CMakeFiles/cmTC_370e1.dir/link.txt --verbose=1
/usr/bin/cc  -ffunction-sections -fdata-sections -fPIC -m64  -rdynamic CMakeFiles/cmTC_370e1.dir/HAVE_PTHREAD_H.c.o -o cmTC_370e1 
make[1]: Leaving directory '/workspace/firstRust/time_till_grandad/target/debug/build/fltk-sys-062cd99412801cda/out/build/CMakeFiles/CMakeTmp'



Determining if files dirent.h exist passed with the following output:
Change Dir: /workspace/firstRust/time_till_grandad/target/debug/build/fltk-sys-062cd99412801cda/out/build/CMakeFiles/CMakeTmp

Run Build Command(s):/usr/bin/make -f Makefile cmTC_bc33c/fast && /usr/bin/make  -f CMakeFiles/cmTC_bc33c.dir/build.make CMakeFiles/cmTC_bc33c.dir/build
make[1]: Entering directory '/workspace/firstRust/time_till_grandad/target/debug/build/fltk-sys-062cd99412801cda/out/build/CMakeFiles/CMakeTmp'
Building C object CMakeFiles/cmTC_bc33c.dir/HAVE_DIRENT_H.c.o
/usr/bin/cc   -ffunction-sections -fdata-sections -fPIC -m64  -o CMakeFiles/cmTC_bc33c.dir/HAVE_DIRENT_H.c.o -c /workspace/firstRust/time_till_grandad/target/debug/build/fltk-sys-062cd99412801cda/out/build/CMakeFiles/CheckIncludeFiles/HAVE_DIRENT_H.c
Linking C executable cmTC_bc33c
/home/linuxbrew/.linuxbrew/Cellar/cmake/3.22.3/bin/cmake -E cmake_link_script CMakeFiles/cmTC_bc33c.dir/link.txt --verbose=1
/usr/bin/cc  -ffunction-sections -fdata-sections -fPIC -m64  -rdynamic CMakeFiles/cmTC_bc33c.dir/HAVE_DIRENT_H.c.o -o cmTC_bc33c 
make[1]: Leaving directory '/workspace/firstRust/time_till_grandad/target/debug/build/fltk-sys-062cd99412801cda/out/build/CMakeFiles/CMakeTmp'



Determining if the function dlsym exists passed with the following output:
Change Dir: /workspace/firstRust/time_till_grandad/target/debug/build/fltk-sys-062cd99412801cda/out/build/CMakeFiles/CMakeTmp

Run Build Command(s):/usr/bin/make -f Makefile cmTC_e837b/fast && /usr/bin/make  -f CMakeFiles/cmTC_e837b.dir/build.make CMakeFiles/cmTC_e837b.dir/build
make[1]: Entering directory '/workspace/firstRust/time_till_grandad/target/debug/build/fltk-sys-062cd99412801cda/out/build/CMakeFiles/CMakeTmp'
Building C object CMakeFiles/cmTC_e837b.dir/CheckFunctionExists.c.o
/usr/bin/cc   -ffunction-sections -fdata-sections -fPIC -m64 -DCHECK_FUNCTION_EXISTS=dlsym -o CMakeFiles/cmTC_e837b.dir/CheckFunctionExists.c.o -c /home/linuxbrew/.linuxbrew/Cellar/cmake/3.22.3/share/cmake/Modules/CheckFunctionExists.c
Linking C executable cmTC_e837b
/home/linuxbrew/.linuxbrew/Cellar/cmake/3.22.3/bin/cmake -E cmake_link_script CMakeFiles/cmTC_e837b.dir/link.txt --verbose=1
/usr/bin/cc  -ffunction-sections -fdata-sections -fPIC -m64 -DCHECK_FUNCTION_EXISTS=dlsym -rdynamic CMakeFiles/cmTC_e837b.dir/CheckFunctionExists.c.o -o cmTC_e837b  -ldl 
make[1]: Leaving directory '/workspace/firstRust/time_till_grandad/target/debug/build/fltk-sys-062cd99412801cda/out/build/CMakeFiles/CMakeTmp'



Determining if the function localeconv exists passed with the following output:
Change Dir: /workspace/firstRust/time_till_grandad/target/debug/build/fltk-sys-062cd99412801cda/out/build/CMakeFiles/CMakeTmp

Run Build Command(s):/usr/bin/make -f Makefile cmTC_3262f/fast && /usr/bin/make  -f CMakeFiles/cmTC_3262f.dir/build.make CMakeFiles/cmTC_3262f.dir/build
make[1]: Entering directory '/workspace/firstRust/time_till_grandad/target/debug/build/fltk-sys-062cd99412801cda/out/build/CMakeFiles/CMakeTmp'
Building C object CMakeFiles/cmTC_3262f.dir/CheckFunctionExists.c.o
/usr/bin/cc   -ffunction-sections -fdata-sections -fPIC -m64 -DCHECK_FUNCTION_EXISTS=localeconv -o CMakeFiles/cmTC_3262f.dir/CheckFunctionExists.c.o -c /home/linuxbrew/.linuxbrew/Cellar/cmake/3.22.3/share/cmake/Modules/CheckFunctionExists.c
Linking C executable cmTC_3262f
/home/linuxbrew/.linuxbrew/Cellar/cmake/3.22.3/bin/cmake -E cmake_link_script CMakeFiles/cmTC_3262f.dir/link.txt --verbose=1
/usr/bin/cc  -ffunction-sections -fdata-sections -fPIC -m64 -DCHECK_FUNCTION_EXISTS=localeconv -rdynamic CMakeFiles/cmTC_3262f.dir/CheckFunctionExists.c.o -o cmTC_3262f 
make[1]: Leaving directory '/workspace/firstRust/time_till_grandad/target/debug/build/fltk-sys-062cd99412801cda/out/build/CMakeFiles/CMakeTmp'



Determining if the function png_get_valid exists passed with the following output:
Change Dir: /workspace/firstRust/time_till_grandad/target/debug/build/fltk-sys-062cd99412801cda/out/build/CMakeFiles/CMakeTmp

Run Build Command(s):/usr/bin/make -f Makefile cmTC_d5d0c/fast && /usr/bin/make  -f CMakeFiles/cmTC_d5d0c.dir/build.make CMakeFiles/cmTC_d5d0c.dir/build
make[1]: Entering directory '/workspace/firstRust/time_till_grandad/target/debug/build/fltk-sys-062cd99412801cda/out/build/CMakeFiles/CMakeTmp'
Building C object CMakeFiles/cmTC_d5d0c.dir/CheckFunctionExists.c.o
/usr/bin/cc   -ffunction-sections -fdata-sections -fPIC -m64 -DCHECK_FUNCTION_EXISTS=png_get_valid -o CMakeFiles/cmTC_d5d0c.dir/CheckFunctionExists.c.o -c /home/linuxbrew/.linuxbrew/Cellar/cmake/3.22.3/share/cmake/Modules/CheckFunctionExists.c
Linking C executable cmTC_d5d0c
/home/linuxbrew/.linuxbrew/Cellar/cmake/3.22.3/bin/cmake -E cmake_link_script CMakeFiles/cmTC_d5d0c.dir/link.txt --verbose=1
/usr/bin/cc  -ffunction-sections -fdata-sections -fPIC -m64 -DCHECK_FUNCTION_EXISTS=png_get_valid -rdynamic CMakeFiles/cmTC_d5d0c.dir/CheckFunctionExists.c.o -o cmTC_d5d0c  /usr/lib/x86_64-linux-gnu/libpng.so 
make[1]: Leaving directory '/workspace/firstRust/time_till_grandad/target/debug/build/fltk-sys-062cd99412801cda/out/build/CMakeFiles/CMakeTmp'



Determining if the function png_set_tRNS_to_alpha exists passed with the following output:
Change Dir: /workspace/firstRust/time_till_grandad/target/debug/build/fltk-sys-062cd99412801cda/out/build/CMakeFiles/CMakeTmp

Run Build Command(s):/usr/bin/make -f Makefile cmTC_47151/fast && /usr/bin/make  -f CMakeFiles/cmTC_47151.dir/build.make CMakeFiles/cmTC_47151.dir/build
make[1]: Entering directory '/workspace/firstRust/time_till_grandad/target/debug/build/fltk-sys-062cd99412801cda/out/build/CMakeFiles/CMakeTmp'
Building C object CMakeFiles/cmTC_47151.dir/CheckFunctionExists.c.o
/usr/bin/cc   -ffunction-sections -fdata-sections -fPIC -m64 -DCHECK_FUNCTION_EXISTS=png_set_tRNS_to_alpha -o CMakeFiles/cmTC_47151.dir/CheckFunctionExists.c.o -c /home/linuxbrew/.linuxbrew/Cellar/cmake/3.22.3/share/cmake/Modules/CheckFunctionExists.c
Linking C executable cmTC_47151
/home/linuxbrew/.linuxbrew/Cellar/cmake/3.22.3/bin/cmake -E cmake_link_script CMakeFiles/cmTC_47151.dir/link.txt --verbose=1
/usr/bin/cc  -ffunction-sections -fdata-sections -fPIC -m64 -DCHECK_FUNCTION_EXISTS=png_set_tRNS_to_alpha -rdynamic CMakeFiles/cmTC_47151.dir/CheckFunctionExists.c.o -o cmTC_47151  /usr/lib/x86_64-linux-gnu/libpng.so 
make[1]: Leaving directory '/workspace/firstRust/time_till_grandad/target/debug/build/fltk-sys-062cd99412801cda/out/build/CMakeFiles/CMakeTmp'



Determining if the function scandir exists passed with the following output:
Change Dir: /workspace/firstRust/time_till_grandad/target/debug/build/fltk-sys-062cd99412801cda/out/build/CMakeFiles/CMakeTmp

Run Build Command(s):/usr/bin/make -f Makefile cmTC_709d7/fast && /usr/bin/make  -f CMakeFiles/cmTC_709d7.dir/build.make CMakeFiles/cmTC_709d7.dir/build
make[1]: Entering directory '/workspace/firstRust/time_till_grandad/target/debug/build/fltk-sys-062cd99412801cda/out/build/CMakeFiles/CMakeTmp'
Building C object CMakeFiles/cmTC_709d7.dir/CheckFunctionExists.c.o
/usr/bin/cc   -ffunction-sections -fdata-sections -fPIC -m64 -DCHECK_FUNCTION_EXISTS=scandir -o CMakeFiles/cmTC_709d7.dir/CheckFunctionExists.c.o -c /home/linuxbrew/.linuxbrew/Cellar/cmake/3.22.3/share/cmake/Modules/CheckFunctionExists.c
Linking C executable cmTC_709d7
/home/linuxbrew/.linuxbrew/Cellar/cmake/3.22.3/bin/cmake -E cmake_link_script CMakeFiles/cmTC_709d7.dir/link.txt --verbose=1
/usr/bin/cc  -ffunction-sections -fdata-sections -fPIC -m64 -DCHECK_FUNCTION_EXISTS=scandir -rdynamic CMakeFiles/cmTC_709d7.dir/CheckFunctionExists.c.o -o cmTC_709d7 
make[1]: Leaving directory '/workspace/firstRust/time_till_grandad/target/debug/build/fltk-sys-062cd99412801cda/out/build/CMakeFiles/CMakeTmp'



Determining if the function snprintf exists passed with the following output:
Change Dir: /workspace/firstRust/time_till_grandad/target/debug/build/fltk-sys-062cd99412801cda/out/build/CMakeFiles/CMakeTmp

Run Build Command(s):/usr/bin/make -f Makefile cmTC_820e3/fast && /usr/bin/make  -f CMakeFiles/cmTC_820e3.dir/build.make CMakeFiles/cmTC_820e3.dir/build
make[1]: Entering directory '/workspace/firstRust/time_till_grandad/target/debug/build/fltk-sys-062cd99412801cda/out/build/CMakeFiles/CMakeTmp'
Building C object CMakeFiles/cmTC_820e3.dir/CheckFunctionExists.c.o
/usr/bin/cc   -ffunction-sections -fdata-sections -fPIC -m64 -DCHECK_FUNCTION_EXISTS=snprintf -o CMakeFiles/cmTC_820e3.dir/CheckFunctionExists.c.o -c /home/linuxbrew/.linuxbrew/Cellar/cmake/3.22.3/share/cmake/Modules/CheckFunctionExists.c
<command-line>: warning: conflicting types for built-in function snprintf; expected int(char *, long unsigned int,  const char *, ...) [-Wbuiltin-declaration-mismatch]
/home/linuxbrew/.linuxbrew/Cellar/cmake/3.22.3/share/cmake/Modules/CheckFunctionExists.c:7:3: note: in expansion of macro CHECK_FUNCTION_EXISTS
    7 |   CHECK_FUNCTION_EXISTS(void);
      |   ^~~~~~~~~~~~~~~~~~~~~
/home/linuxbrew/.linuxbrew/Cellar/cmake/3.22.3/share/cmake/Modules/CheckFunctionExists.c:1:1: note: snprintf is declared in header <stdio.h>
  +++ |+#include <stdio.h>
    1 | #ifdef CHECK_FUNCTION_EXISTS
Linking C executable cmTC_820e3
/home/linuxbrew/.linuxbrew/Cellar/cmake/3.22.3/bin/cmake -E cmake_link_script CMakeFiles/cmTC_820e3.dir/link.txt --verbose=1
/usr/bin/cc  -ffunction-sections -fdata-sections -fPIC -m64 -DCHECK_FUNCTION_EXISTS=snprintf -rdynamic CMakeFiles/cmTC_820e3.dir/CheckFunctionExists.c.o -o cmTC_820e3 
make[1]: Leaving directory '/workspace/firstRust/time_till_grandad/target/debug/build/fltk-sys-062cd99412801cda/out/build/CMakeFiles/CMakeTmp'



Determining if the function strcasecmp exists passed with the following output:
Change Dir: /workspace/firstRust/time_till_grandad/target/debug/build/fltk-sys-062cd99412801cda/out/build/CMakeFiles/CMakeTmp

Run Build Command(s):/usr/bin/make -f Makefile cmTC_a7320/fast && /usr/bin/make  -f CMakeFiles/cmTC_a7320.dir/build.make CMakeFiles/cmTC_a7320.dir/build
make[1]: Entering directory '/workspace/firstRust/time_till_grandad/target/debug/build/fltk-sys-062cd99412801cda/out/build/CMakeFiles/CMakeTmp'
Building C object CMakeFiles/cmTC_a7320.dir/CheckFunctionExists.c.o
/usr/bin/cc   -ffunction-sections -fdata-sections -fPIC -m64 -DCHECK_FUNCTION_EXISTS=strcasecmp -o CMakeFiles/cmTC_a7320.dir/CheckFunctionExists.c.o -c /home/linuxbrew/.linuxbrew/Cellar/cmake/3.22.3/share/cmake/Modules/CheckFunctionExists.c
<command-line>: warning: conflicting types for built-in function strcasecmp; expected int(const char *, const char *) [-Wbuiltin-declaration-mismatch]
<command-line>: note: in definition of macro CHECK_FUNCTION_EXISTS
Linking C executable cmTC_a7320
/home/linuxbrew/.linuxbrew/Cellar/cmake/3.22.3/bin/cmake -E cmake_link_script CMakeFiles/cmTC_a7320.dir/link.txt --verbose=1
/usr/bin/cc  -ffunction-sections -fdata-sections -fPIC -m64 -DCHECK_FUNCTION_EXISTS=strcasecmp -rdynamic CMakeFiles/cmTC_a7320.dir/CheckFunctionExists.c.o -o cmTC_a7320 
make[1]: Leaving directory '/workspace/firstRust/time_till_grandad/target/debug/build/fltk-sys-062cd99412801cda/out/build/CMakeFiles/CMakeTmp'



Determining if the function vsnprintf exists passed with the following output:
Change Dir: /workspace/firstRust/time_till_grandad/target/debug/build/fltk-sys-062cd99412801cda/out/build/CMakeFiles/CMakeTmp

Run Build Command(s):/usr/bin/make -f Makefile cmTC_cf86e/fast && /usr/bin/make  -f CMakeFiles/cmTC_cf86e.dir/build.make CMakeFiles/cmTC_cf86e.dir/build
make[1]: Entering directory '/workspace/firstRust/time_till_grandad/target/debug/build/fltk-sys-062cd99412801cda/out/build/CMakeFiles/CMakeTmp'
Building C object CMakeFiles/cmTC_cf86e.dir/CheckFunctionExists.c.o
/usr/bin/cc   -ffunction-sections -fdata-sections -fPIC -m64 -DCHECK_FUNCTION_EXISTS=vsnprintf -o CMakeFiles/cmTC_cf86e.dir/CheckFunctionExists.c.o -c /home/linuxbrew/.linuxbrew/Cellar/cmake/3.22.3/share/cmake/Modules/CheckFunctionExists.c
<command-line>: warning: conflicting types for built-in function vsnprintf; expected int(char *, long unsigned int,  const char *, __va_list_tag *) [-Wbuiltin-declaration-mismatch]
/home/linuxbrew/.linuxbrew/Cellar/cmake/3.22.3/share/cmake/Modules/CheckFunctionExists.c:7:3: note: in expansion of macro CHECK_FUNCTION_EXISTS
    7 |   CHECK_FUNCTION_EXISTS(void);
      |   ^~~~~~~~~~~~~~~~~~~~~
/home/linuxbrew/.linuxbrew/Cellar/cmake/3.22.3/share/cmake/Modules/CheckFunctionExists.c:1:1: note: vsnprintf is declared in header <stdio.h>
  +++ |+#include <stdio.h>
    1 | #ifdef CHECK_FUNCTION_EXISTS
Linking C executable cmTC_cf86e
/home/linuxbrew/.linuxbrew/Cellar/cmake/3.22.3/bin/cmake -E cmake_link_script CMakeFiles/cmTC_cf86e.dir/link.txt --verbose=1
/usr/bin/cc  -ffunction-sections -fdata-sections -fPIC -m64 -DCHECK_FUNCTION_EXISTS=vsnprintf -rdynamic CMakeFiles/cmTC_cf86e.dir/CheckFunctionExists.c.o -o cmTC_cf86e 
make[1]: Leaving directory '/workspace/firstRust/time_till_grandad/target/debug/build/fltk-sys-062cd99412801cda/out/build/CMakeFiles/CMakeTmp'



Determining if the function XOpenDisplay exists in the /usr/lib/x86_64-linux-gnu/libX11.so;/usr/lib/x86_64-linux-gnu/libXext.so passed with the following output:
Change Dir: /workspace/firstRust/time_till_grandad/target/debug/build/fltk-sys-062cd99412801cda/out/build/CMakeFiles/CMakeTmp

Run Build Command(s):/usr/bin/make -f Makefile cmTC_edf70/fast && /usr/bin/make  -f CMakeFiles/cmTC_edf70.dir/build.make CMakeFiles/cmTC_edf70.dir/build
make[1]: Entering directory '/workspace/firstRust/time_till_grandad/target/debug/build/fltk-sys-062cd99412801cda/out/build/CMakeFiles/CMakeTmp'
Building C object CMakeFiles/cmTC_edf70.dir/CheckFunctionExists.c.o
/usr/bin/cc   -ffunction-sections -fdata-sections -fPIC -m64 -DCHECK_FUNCTION_EXISTS=XOpenDisplay -o CMakeFiles/cmTC_edf70.dir/CheckFunctionExists.c.o -c /home/linuxbrew/.linuxbrew/Cellar/cmake/3.22.3/share/cmake/Modules/CheckFunctionExists.c
Linking C executable cmTC_edf70
/home/linuxbrew/.linuxbrew/Cellar/cmake/3.22.3/bin/cmake -E cmake_link_script CMakeFiles/cmTC_edf70.dir/link.txt --verbose=1
/usr/bin/cc  -ffunction-sections -fdata-sections -fPIC -m64 -DCHECK_FUNCTION_EXISTS=XOpenDisplay -rdynamic CMakeFiles/cmTC_edf70.dir/CheckFunctionExists.c.o -o cmTC_edf70  /usr/lib/x86_64-linux-gnu/libX11.so /usr/lib/x86_64-linux-gnu/libXext.so 
make[1]: Leaving directory '/workspace/firstRust/time_till_grandad/target/debug/build/fltk-sys-062cd99412801cda/out/build/CMakeFiles/CMakeTmp'



Determining if the function gethostbyname exists passed with the following output:
Change Dir: /workspace/firstRust/time_till_grandad/target/debug/build/fltk-sys-062cd99412801cda/out/build/CMakeFiles/CMakeTmp

Run Build Command(s):/usr/bin/make -f Makefile cmTC_3b25b/fast && /usr/bin/make  -f CMakeFiles/cmTC_3b25b.dir/build.make CMakeFiles/cmTC_3b25b.dir/build
make[1]: Entering directory '/workspace/firstRust/time_till_grandad/target/debug/build/fltk-sys-062cd99412801cda/out/build/CMakeFiles/CMakeTmp'
Building C object CMakeFiles/cmTC_3b25b.dir/CheckFunctionExists.c.o
/usr/bin/cc   -ffunction-sections -fdata-sections -fPIC -m64 -DCHECK_FUNCTION_EXISTS=gethostbyname -o CMakeFiles/cmTC_3b25b.dir/CheckFunctionExists.c.o -c /home/linuxbrew/.linuxbrew/Cellar/cmake/3.22.3/share/cmake/Modules/CheckFunctionExists.c
Linking C executable cmTC_3b25b
/home/linuxbrew/.linuxbrew/Cellar/cmake/3.22.3/bin/cmake -E cmake_link_script CMakeFiles/cmTC_3b25b.dir/link.txt --verbose=1
/usr/bin/cc  -ffunction-sections -fdata-sections -fPIC -m64 -DCHECK_FUNCTION_EXISTS=gethostbyname -rdynamic CMakeFiles/cmTC_3b25b.dir/CheckFunctionExists.c.o -o cmTC_3b25b 
make[1]: Leaving directory '/workspace/firstRust/time_till_grandad/target/debug/build/fltk-sys-062cd99412801cda/out/build/CMakeFiles/CMakeTmp'



Determining if the function connect exists passed with the following output:
Change Dir: /workspace/firstRust/time_till_grandad/target/debug/build/fltk-sys-062cd99412801cda/out/build/CMakeFiles/CMakeTmp

Run Build Command(s):/usr/bin/make -f Makefile cmTC_5298a/fast && /usr/bin/make  -f CMakeFiles/cmTC_5298a.dir/build.make CMakeFiles/cmTC_5298a.dir/build
make[1]: Entering directory '/workspace/firstRust/time_till_grandad/target/debug/build/fltk-sys-062cd99412801cda/out/build/CMakeFiles/CMakeTmp'
Building C object CMakeFiles/cmTC_5298a.dir/CheckFunctionExists.c.o
/usr/bin/cc   -ffunction-sections -fdata-sections -fPIC -m64 -DCHECK_FUNCTION_EXISTS=connect -o CMakeFiles/cmTC_5298a.dir/CheckFunctionExists.c.o -c /home/linuxbrew/.linuxbrew/Cellar/cmake/3.22.3/share/cmake/Modules/CheckFunctionExists.c
Linking C executable cmTC_5298a
/home/linuxbrew/.linuxbrew/Cellar/cmake/3.22.3/bin/cmake -E cmake_link_script CMakeFiles/cmTC_5298a.dir/link.txt --verbose=1
/usr/bin/cc  -ffunction-sections -fdata-sections -fPIC -m64 -DCHECK_FUNCTION_EXISTS=connect -rdynamic CMakeFiles/cmTC_5298a.dir/CheckFunctionExists.c.o -o cmTC_5298a 
make[1]: Leaving directory '/workspace/firstRust/time_till_grandad/target/debug/build/fltk-sys-062cd99412801cda/out/build/CMakeFiles/CMakeTmp'



Determining if the function remove exists passed with the following output:
Change Dir: /workspace/firstRust/time_till_grandad/target/debug/build/fltk-sys-062cd99412801cda/out/build/CMakeFiles/CMakeTmp

Run Build Command(s):/usr/bin/make -f Makefile cmTC_9b4be/fast && /usr/bin/make  -f CMakeFiles/cmTC_9b4be.dir/build.make CMakeFiles/cmTC_9b4be.dir/build
make[1]: Entering directory '/workspace/firstRust/time_till_grandad/target/debug/build/fltk-sys-062cd99412801cda/out/build/CMakeFiles/CMakeTmp'
Building C object CMakeFiles/cmTC_9b4be.dir/CheckFunctionExists.c.o
/usr/bin/cc   -ffunction-sections -fdata-sections -fPIC -m64 -DCHECK_FUNCTION_EXISTS=remove -o CMakeFiles/cmTC_9b4be.dir/CheckFunctionExists.c.o -c /home/linuxbrew/.linuxbrew/Cellar/cmake/3.22.3/share/cmake/Modules/CheckFunctionExists.c
Linking C executable cmTC_9b4be
/home/linuxbrew/.linuxbrew/Cellar/cmake/3.22.3/bin/cmake -E cmake_link_script CMakeFiles/cmTC_9b4be.dir/link.txt --verbose=1
/usr/bin/cc  -ffunction-sections -fdata-sections -fPIC -m64 -DCHECK_FUNCTION_EXISTS=remove -rdynamic CMakeFiles/cmTC_9b4be.dir/CheckFunctionExists.c.o -o cmTC_9b4be 
make[1]: Leaving directory '/workspace/firstRust/time_till_grandad/target/debug/build/fltk-sys-062cd99412801cda/out/build/CMakeFiles/CMakeTmp'



Determining if the function shmat exists passed with the following output:
Change Dir: /workspace/firstRust/time_till_grandad/target/debug/build/fltk-sys-062cd99412801cda/out/build/CMakeFiles/CMakeTmp

Run Build Command(s):/usr/bin/make -f Makefile cmTC_79de2/fast && /usr/bin/make  -f CMakeFiles/cmTC_79de2.dir/build.make CMakeFiles/cmTC_79de2.dir/build
make[1]: Entering directory '/workspace/firstRust/time_till_grandad/target/debug/build/fltk-sys-062cd99412801cda/out/build/CMakeFiles/CMakeTmp'
Building C object CMakeFiles/cmTC_79de2.dir/CheckFunctionExists.c.o
/usr/bin/cc   -ffunction-sections -fdata-sections -fPIC -m64 -DCHECK_FUNCTION_EXISTS=shmat -o CMakeFiles/cmTC_79de2.dir/CheckFunctionExists.c.o -c /home/linuxbrew/.linuxbrew/Cellar/cmake/3.22.3/share/cmake/Modules/CheckFunctionExists.c
Linking C executable cmTC_79de2
/home/linuxbrew/.linuxbrew/Cellar/cmake/3.22.3/bin/cmake -E cmake_link_script CMakeFiles/cmTC_79de2.dir/link.txt --verbose=1
/usr/bin/cc  -ffunction-sections -fdata-sections -fPIC -m64 -DCHECK_FUNCTION_EXISTS=shmat -rdynamic CMakeFiles/cmTC_79de2.dir/CheckFunctionExists.c.o -o cmTC_79de2 
make[1]: Leaving directory '/workspace/firstRust/time_till_grandad/target/debug/build/fltk-sys-062cd99412801cda/out/build/CMakeFiles/CMakeTmp'



Determining if the function IceConnectionNumber exists in the ICE passed with the following output:
Change Dir: /workspace/firstRust/time_till_grandad/target/debug/build/fltk-sys-062cd99412801cda/out/build/CMakeFiles/CMakeTmp

Run Build Command(s):/usr/bin/make -f Makefile cmTC_8eb23/fast && /usr/bin/make  -f CMakeFiles/cmTC_8eb23.dir/build.make CMakeFiles/cmTC_8eb23.dir/build
make[1]: Entering directory '/workspace/firstRust/time_till_grandad/target/debug/build/fltk-sys-062cd99412801cda/out/build/CMakeFiles/CMakeTmp'
Building C object CMakeFiles/cmTC_8eb23.dir/CheckFunctionExists.c.o
/usr/bin/cc   -ffunction-sections -fdata-sections -fPIC -m64 -DCHECK_FUNCTION_EXISTS=IceConnectionNumber -o CMakeFiles/cmTC_8eb23.dir/CheckFunctionExists.c.o -c /home/linuxbrew/.linuxbrew/Cellar/cmake/3.22.3/share/cmake/Modules/CheckFunctionExists.c
Linking C executable cmTC_8eb23
/home/linuxbrew/.linuxbrew/Cellar/cmake/3.22.3/bin/cmake -E cmake_link_script CMakeFiles/cmTC_8eb23.dir/link.txt --verbose=1
/usr/bin/cc  -ffunction-sections -fdata-sections -fPIC -m64 -DCHECK_FUNCTION_EXISTS=IceConnectionNumber -rdynamic CMakeFiles/cmTC_8eb23.dir/CheckFunctionExists.c.o -o cmTC_8eb23  -lICE 
make[1]: Leaving directory '/workspace/firstRust/time_till_grandad/target/debug/build/fltk-sys-062cd99412801cda/out/build/CMakeFiles/CMakeTmp'



Determining if the include file pthread.h exists passed with the following output:
Change Dir: /workspace/firstRust/time_till_grandad/target/debug/build/fltk-sys-062cd99412801cda/out/build/CMakeFiles/CMakeTmp

Run Build Command(s):/usr/bin/make -f Makefile cmTC_86918/fast && /usr/bin/make  -f CMakeFiles/cmTC_86918.dir/build.make CMakeFiles/cmTC_86918.dir/build
make[1]: Entering directory '/workspace/firstRust/time_till_grandad/target/debug/build/fltk-sys-062cd99412801cda/out/build/CMakeFiles/CMakeTmp'
Building C object CMakeFiles/cmTC_86918.dir/CheckIncludeFile.c.o
/usr/bin/cc   -ffunction-sections -fdata-sections -fPIC -m64  -o CMakeFiles/cmTC_86918.dir/CheckIncludeFile.c.o -c /workspace/firstRust/time_till_grandad/target/debug/build/fltk-sys-062cd99412801cda/out/build/CMakeFiles/CMakeTmp/CheckIncludeFile.c
Linking C executable cmTC_86918
/home/linuxbrew/.linuxbrew/Cellar/cmake/3.22.3/bin/cmake -E cmake_link_script CMakeFiles/cmTC_86918.dir/link.txt --verbose=1
/usr/bin/cc  -ffunction-sections -fdata-sections -fPIC -m64  -rdynamic CMakeFiles/cmTC_86918.dir/CheckIncludeFile.c.o -o cmTC_86918 
make[1]: Leaving directory '/workspace/firstRust/time_till_grandad/target/debug/build/fltk-sys-062cd99412801cda/out/build/CMakeFiles/CMakeTmp'



Determining if the function pthread_create exists in the pthread passed with the following output:
Change Dir: /workspace/firstRust/time_till_grandad/target/debug/build/fltk-sys-062cd99412801cda/out/build/CMakeFiles/CMakeTmp

Run Build Command(s):/usr/bin/make -f Makefile cmTC_02f6d/fast && /usr/bin/make  -f CMakeFiles/cmTC_02f6d.dir/build.make CMakeFiles/cmTC_02f6d.dir/build
make[1]: Entering directory '/workspace/firstRust/time_till_grandad/target/debug/build/fltk-sys-062cd99412801cda/out/build/CMakeFiles/CMakeTmp'
Building C object CMakeFiles/cmTC_02f6d.dir/CheckFunctionExists.c.o
/usr/bin/cc   -ffunction-sections -fdata-sections -fPIC -m64 -DCHECK_FUNCTION_EXISTS=pthread_create -o CMakeFiles/cmTC_02f6d.dir/CheckFunctionExists.c.o -c /home/linuxbrew/.linuxbrew/Cellar/cmake/3.22.3/share/cmake/Modules/CheckFunctionExists.c
Linking C executable cmTC_02f6d
/home/linuxbrew/.linuxbrew/Cellar/cmake/3.22.3/bin/cmake -E cmake_link_script CMakeFiles/cmTC_02f6d.dir/link.txt --verbose=1
/usr/bin/cc  -ffunction-sections -fdata-sections -fPIC -m64 -DCHECK_FUNCTION_EXISTS=pthread_create -rdynamic CMakeFiles/cmTC_02f6d.dir/CheckFunctionExists.c.o -o cmTC_02f6d  -lpthread 
make[1]: Leaving directory '/workspace/firstRust/time_till_grandad/target/debug/build/fltk-sys-062cd99412801cda/out/build/CMakeFiles/CMakeTmp'



