Determining if files alsa/asoundlib.h exist failed with the following output:
Change Dir: /workspace/firstRust/time_till_grandad_2/target/release/build/fltk-sys-f646f353d4f8115b/out/build/CMakeFiles/CMakeTmp

Run Build Command(s):/usr/bin/make -f Makefile cmTC_23b9b/fast && /usr/bin/make  -f CMakeFiles/cmTC_23b9b.dir/build.make CMakeFiles/cmTC_23b9b.dir/build
make[1]: Entering directory '/workspace/firstRust/time_till_grandad_2/target/release/build/fltk-sys-f646f353d4f8115b/out/build/CMakeFiles/CMakeTmp'
Building C object CMakeFiles/cmTC_23b9b.dir/HAVE_ALSA_ASOUNDLIB_H.c.o
/usr/bin/cc   -ffunction-sections -fdata-sections -fPIC -m64  -o CMakeFiles/cmTC_23b9b.dir/HAVE_ALSA_ASOUNDLIB_H.c.o -c /workspace/firstRust/time_till_grandad_2/target/release/build/fltk-sys-f646f353d4f8115b/out/build/CMakeFiles/CheckIncludeFiles/HAVE_ALSA_ASOUNDLIB_H.c
/workspace/firstRust/time_till_grandad_2/target/release/build/fltk-sys-f646f353d4f8115b/out/build/CMakeFiles/CheckIncludeFiles/HAVE_ALSA_ASOUNDLIB_H.c:2:10: fatal error: alsa/asoundlib.h: No such file or directory
    2 | #include <alsa/asoundlib.h>
      |          ^~~~~~~~~~~~~~~~~~
compilation terminated.
make[1]: *** [CMakeFiles/cmTC_23b9b.dir/build.make:78: CMakeFiles/cmTC_23b9b.dir/HAVE_ALSA_ASOUNDLIB_H.c.o] Error 1
make[1]: Leaving directory '/workspace/firstRust/time_till_grandad_2/target/release/build/fltk-sys-f646f353d4f8115b/out/build/CMakeFiles/CMakeTmp'
make: *** [Makefile:127: cmTC_23b9b/fast] Error 2


Source:
/* */
#include <alsa/asoundlib.h>


int main(void){return 0;}

Determining if files OpenGL/glu.h exist failed with the following output:
Change Dir: /workspace/firstRust/time_till_grandad_2/target/release/build/fltk-sys-f646f353d4f8115b/out/build/CMakeFiles/CMakeTmp

Run Build Command(s):/usr/bin/make -f Makefile cmTC_326f4/fast && /usr/bin/make  -f CMakeFiles/cmTC_326f4.dir/build.make CMakeFiles/cmTC_326f4.dir/build
make[1]: Entering directory '/workspace/firstRust/time_till_grandad_2/target/release/build/fltk-sys-f646f353d4f8115b/out/build/CMakeFiles/CMakeTmp'
Building C object CMakeFiles/cmTC_326f4.dir/HAVE_OPENGL_GLU_H.c.o
/usr/bin/cc   -ffunction-sections -fdata-sections -fPIC -m64  -o CMakeFiles/cmTC_326f4.dir/HAVE_OPENGL_GLU_H.c.o -c /workspace/firstRust/time_till_grandad_2/target/release/build/fltk-sys-f646f353d4f8115b/out/build/CMakeFiles/CheckIncludeFiles/HAVE_OPENGL_GLU_H.c
/workspace/firstRust/time_till_grandad_2/target/release/build/fltk-sys-f646f353d4f8115b/out/build/CMakeFiles/CheckIncludeFiles/HAVE_OPENGL_GLU_H.c:2:10: fatal error: OpenGL/glu.h: No such file or directory
    2 | #include <OpenGL/glu.h>
      |          ^~~~~~~~~~~~~~
compilation terminated.
make[1]: *** [CMakeFiles/cmTC_326f4.dir/build.make:78: CMakeFiles/cmTC_326f4.dir/HAVE_OPENGL_GLU_H.c.o] Error 1
make[1]: Leaving directory '/workspace/firstRust/time_till_grandad_2/target/release/build/fltk-sys-f646f353d4f8115b/out/build/CMakeFiles/CMakeTmp'
make: *** [Makefile:127: cmTC_326f4/fast] Error 2


Source:
/* */
#include <OpenGL/glu.h>


int main(void){return 0;}

Determining if files sys/stdtypes.h exist failed with the following output:
Change Dir: /workspace/firstRust/time_till_grandad_2/target/release/build/fltk-sys-f646f353d4f8115b/out/build/CMakeFiles/CMakeTmp

Run Build Command(s):/usr/bin/make -f Makefile cmTC_dcc0d/fast && /usr/bin/make  -f CMakeFiles/cmTC_dcc0d.dir/build.make CMakeFiles/cmTC_dcc0d.dir/build
make[1]: Entering directory '/workspace/firstRust/time_till_grandad_2/target/release/build/fltk-sys-f646f353d4f8115b/out/build/CMakeFiles/CMakeTmp'
Building C object CMakeFiles/cmTC_dcc0d.dir/HAVE_SYS_STDTYPES_H.c.o
/usr/bin/cc   -ffunction-sections -fdata-sections -fPIC -m64  -o CMakeFiles/cmTC_dcc0d.dir/HAVE_SYS_STDTYPES_H.c.o -c /workspace/firstRust/time_till_grandad_2/target/release/build/fltk-sys-f646f353d4f8115b/out/build/CMakeFiles/CheckIncludeFiles/HAVE_SYS_STDTYPES_H.c
/workspace/firstRust/time_till_grandad_2/target/release/build/fltk-sys-f646f353d4f8115b/out/build/CMakeFiles/CheckIncludeFiles/HAVE_SYS_STDTYPES_H.c:2:10: fatal error: sys/stdtypes.h: No such file or directory
    2 | #include <sys/stdtypes.h>
      |          ^~~~~~~~~~~~~~~~
compilation terminated.
make[1]: *** [CMakeFiles/cmTC_dcc0d.dir/build.make:78: CMakeFiles/cmTC_dcc0d.dir/HAVE_SYS_STDTYPES_H.c.o] Error 1
make[1]: Leaving directory '/workspace/firstRust/time_till_grandad_2/target/release/build/fltk-sys-f646f353d4f8115b/out/build/CMakeFiles/CMakeTmp'
make: *** [Makefile:127: cmTC_dcc0d/fast] Error 2


Source:
/* */
#include <sys/stdtypes.h>


int main(void){return 0;}

Determining if the function strlcat exists failed with the following output:
Change Dir: /workspace/firstRust/time_till_grandad_2/target/release/build/fltk-sys-f646f353d4f8115b/out/build/CMakeFiles/CMakeTmp

Run Build Command(s):/usr/bin/make -f Makefile cmTC_7c53c/fast && /usr/bin/make  -f CMakeFiles/cmTC_7c53c.dir/build.make CMakeFiles/cmTC_7c53c.dir/build
make[1]: Entering directory '/workspace/firstRust/time_till_grandad_2/target/release/build/fltk-sys-f646f353d4f8115b/out/build/CMakeFiles/CMakeTmp'
Building C object CMakeFiles/cmTC_7c53c.dir/CheckFunctionExists.c.o
/usr/bin/cc   -ffunction-sections -fdata-sections -fPIC -m64 -DCHECK_FUNCTION_EXISTS=strlcat -o CMakeFiles/cmTC_7c53c.dir/CheckFunctionExists.c.o -c /home/linuxbrew/.linuxbrew/Cellar/cmake/3.22.3/share/cmake/Modules/CheckFunctionExists.c
Linking C executable cmTC_7c53c
/home/linuxbrew/.linuxbrew/Cellar/cmake/3.22.3/bin/cmake -E cmake_link_script CMakeFiles/cmTC_7c53c.dir/link.txt --verbose=1
/usr/bin/cc  -ffunction-sections -fdata-sections -fPIC -m64 -DCHECK_FUNCTION_EXISTS=strlcat -rdynamic CMakeFiles/cmTC_7c53c.dir/CheckFunctionExists.c.o -o cmTC_7c53c 
/usr/bin/ld: CMakeFiles/cmTC_7c53c.dir/CheckFunctionExists.c.o: in function `main':
CheckFunctionExists.c:(.text.main+0x14): undefined reference to `strlcat'
collect2: error: ld returned 1 exit status
make[1]: *** [CMakeFiles/cmTC_7c53c.dir/build.make:99: cmTC_7c53c] Error 1
make[1]: Leaving directory '/workspace/firstRust/time_till_grandad_2/target/release/build/fltk-sys-f646f353d4f8115b/out/build/CMakeFiles/CMakeTmp'
make: *** [Makefile:127: cmTC_7c53c/fast] Error 2



Determining if the function strlcpy exists failed with the following output:
Change Dir: /workspace/firstRust/time_till_grandad_2/target/release/build/fltk-sys-f646f353d4f8115b/out/build/CMakeFiles/CMakeTmp

Run Build Command(s):/usr/bin/make -f Makefile cmTC_2966a/fast && /usr/bin/make  -f CMakeFiles/cmTC_2966a.dir/build.make CMakeFiles/cmTC_2966a.dir/build
make[1]: Entering directory '/workspace/firstRust/time_till_grandad_2/target/release/build/fltk-sys-f646f353d4f8115b/out/build/CMakeFiles/CMakeTmp'
Building C object CMakeFiles/cmTC_2966a.dir/CheckFunctionExists.c.o
/usr/bin/cc   -ffunction-sections -fdata-sections -fPIC -m64 -DCHECK_FUNCTION_EXISTS=strlcpy -o CMakeFiles/cmTC_2966a.dir/CheckFunctionExists.c.o -c /home/linuxbrew/.linuxbrew/Cellar/cmake/3.22.3/share/cmake/Modules/CheckFunctionExists.c
Linking C executable cmTC_2966a
/home/linuxbrew/.linuxbrew/Cellar/cmake/3.22.3/bin/cmake -E cmake_link_script CMakeFiles/cmTC_2966a.dir/link.txt --verbose=1
/usr/bin/cc  -ffunction-sections -fdata-sections -fPIC -m64 -DCHECK_FUNCTION_EXISTS=strlcpy -rdynamic CMakeFiles/cmTC_2966a.dir/CheckFunctionExists.c.o -o cmTC_2966a 
/usr/bin/ld: CMakeFiles/cmTC_2966a.dir/CheckFunctionExists.c.o: in function `main':
CheckFunctionExists.c:(.text.main+0x14): undefined reference to `strlcpy'
collect2: error: ld returned 1 exit status
make[1]: *** [CMakeFiles/cmTC_2966a.dir/build.make:99: cmTC_2966a] Error 1
make[1]: Leaving directory '/workspace/firstRust/time_till_grandad_2/target/release/build/fltk-sys-f646f353d4f8115b/out/build/CMakeFiles/CMakeTmp'
make: *** [Makefile:127: cmTC_2966a/fast] Error 2



Performing C SOURCE FILE Test CMAKE_HAVE_LIBC_PTHREAD failed with the following output:
Change Dir: /workspace/firstRust/time_till_grandad_2/target/release/build/fltk-sys-f646f353d4f8115b/out/build/CMakeFiles/CMakeTmp

Run Build Command(s):/usr/bin/make -f Makefile cmTC_a58cc/fast && /usr/bin/make  -f CMakeFiles/cmTC_a58cc.dir/build.make CMakeFiles/cmTC_a58cc.dir/build
make[1]: Entering directory '/workspace/firstRust/time_till_grandad_2/target/release/build/fltk-sys-f646f353d4f8115b/out/build/CMakeFiles/CMakeTmp'
Building C object CMakeFiles/cmTC_a58cc.dir/src.c.o
/usr/bin/cc -DCMAKE_HAVE_LIBC_PTHREAD  -ffunction-sections -fdata-sections -fPIC -m64  -o CMakeFiles/cmTC_a58cc.dir/src.c.o -c /workspace/firstRust/time_till_grandad_2/target/release/build/fltk-sys-f646f353d4f8115b/out/build/CMakeFiles/CMakeTmp/src.c
Linking C executable cmTC_a58cc
/home/linuxbrew/.linuxbrew/Cellar/cmake/3.22.3/bin/cmake -E cmake_link_script CMakeFiles/cmTC_a58cc.dir/link.txt --verbose=1
/usr/bin/cc  -ffunction-sections -fdata-sections -fPIC -m64  -rdynamic CMakeFiles/cmTC_a58cc.dir/src.c.o -o cmTC_a58cc 
/usr/bin/ld: CMakeFiles/cmTC_a58cc.dir/src.c.o: in function `main':
src.c:(.text.main+0x34): undefined reference to `pthread_create'
/usr/bin/ld: src.c:(.text.main+0x40): undefined reference to `pthread_detach'
/usr/bin/ld: src.c:(.text.main+0x4c): undefined reference to `pthread_cancel'
/usr/bin/ld: src.c:(.text.main+0x5d): undefined reference to `pthread_join'
collect2: error: ld returned 1 exit status
make[1]: *** [CMakeFiles/cmTC_a58cc.dir/build.make:99: cmTC_a58cc] Error 1
make[1]: Leaving directory '/workspace/firstRust/time_till_grandad_2/target/release/build/fltk-sys-f646f353d4f8115b/out/build/CMakeFiles/CMakeTmp'
make: *** [Makefile:127: cmTC_a58cc/fast] Error 2


Source file was:
#include <pthread.h>

static void* test_func(void* data)
{
  return data;
}

int main(void)
{
  pthread_t thread;
  pthread_create(&thread, NULL, test_func, NULL);
  pthread_detach(thread);
  pthread_cancel(thread);
  pthread_join(thread, NULL);
  pthread_atfork(NULL, NULL, NULL);
  pthread_exit(NULL);

  return 0;
}

Determining if the function pthread_create exists in the pthreads failed with the following output:
Change Dir: /workspace/firstRust/time_till_grandad_2/target/release/build/fltk-sys-f646f353d4f8115b/out/build/CMakeFiles/CMakeTmp

Run Build Command(s):/usr/bin/make -f Makefile cmTC_a6660/fast && /usr/bin/make  -f CMakeFiles/cmTC_a6660.dir/build.make CMakeFiles/cmTC_a6660.dir/build
make[1]: Entering directory '/workspace/firstRust/time_till_grandad_2/target/release/build/fltk-sys-f646f353d4f8115b/out/build/CMakeFiles/CMakeTmp'
Building C object CMakeFiles/cmTC_a6660.dir/CheckFunctionExists.c.o
/usr/bin/cc   -ffunction-sections -fdata-sections -fPIC -m64 -DCHECK_FUNCTION_EXISTS=pthread_create -o CMakeFiles/cmTC_a6660.dir/CheckFunctionExists.c.o -c /home/linuxbrew/.linuxbrew/Cellar/cmake/3.22.3/share/cmake/Modules/CheckFunctionExists.c
Linking C executable cmTC_a6660
/home/linuxbrew/.linuxbrew/Cellar/cmake/3.22.3/bin/cmake -E cmake_link_script CMakeFiles/cmTC_a6660.dir/link.txt --verbose=1
/usr/bin/cc  -ffunction-sections -fdata-sections -fPIC -m64 -DCHECK_FUNCTION_EXISTS=pthread_create -rdynamic CMakeFiles/cmTC_a6660.dir/CheckFunctionExists.c.o -o cmTC_a6660  -lpthreads 
/usr/bin/ld: cannot find -lpthreads
collect2: error: ld returned 1 exit status
make[1]: *** [CMakeFiles/cmTC_a6660.dir/build.make:99: cmTC_a6660] Error 1
make[1]: Leaving directory '/workspace/firstRust/time_till_grandad_2/target/release/build/fltk-sys-f646f353d4f8115b/out/build/CMakeFiles/CMakeTmp'
make: *** [Makefile:127: cmTC_a6660/fast] Error 2



